running egg_info
writing ../build/butler_bot/butler_bot.egg-info/PKG-INFO
writing dependency_links to ../build/butler_bot/butler_bot.egg-info/dependency_links.txt
writing entry points to ../build/butler_bot/butler_bot.egg-info/entry_points.txt
writing requirements to ../build/butler_bot/butler_bot.egg-info/requires.txt
writing top-level names to ../build/butler_bot/butler_bot.egg-info/top_level.txt
reading manifest file '../build/butler_bot/butler_bot.egg-info/SOURCES.txt'
writing manifest file '../build/butler_bot/butler_bot.egg-info/SOURCES.txt'
running build
running build_py
copying butler_bot/butler_task1_node.py -> /home/vishal/goat/src/build/butler_bot/build/lib/butler_bot
running install
running install_lib
copying /home/vishal/goat/src/build/butler_bot/build/lib/butler_bot/butler_task1_node.py -> /home/vishal/goat/src/install/butler_bot/lib/python3.10/site-packages/butler_bot
byte-compiling /home/vishal/goat/src/install/butler_bot/lib/python3.10/site-packages/butler_bot/butler_task1_node.py to butler_task1_node.cpython-310.pyc
running install_data
running install_egg_info
removing '/home/vishal/goat/src/install/butler_bot/lib/python3.10/site-packages/butler_bot-0.0.0-py3.10.egg-info' (and everything under it)
Copying ../build/butler_bot/butler_bot.egg-info to /home/vishal/goat/src/install/butler_bot/lib/python3.10/site-packages/butler_bot-0.0.0-py3.10.egg-info
running install_scripts
Installing butler_task1_node script to /home/vishal/goat/src/install/butler_bot/lib/butler_bot
writing list of installed files to '/home/vishal/goat/src/build/butler_bot/install.log'
