[0.025s] Invoking command in '/home/vishal/goat/src/build/turtlebot3_navigation2': CMAKE_PREFIX_PATH=${CMAKE_PREFIX_PATH}:/home/vishal/goat/install/butler_bot:/home/vishal/goat/src/install/turtlebot3_teleop:/home/vishal/goat/src/install/turtlebot3_example:/home/vishal/goat/src/install/butler_bot:/home/vishal/goat/install/turtlebot3_teleop:/home/vishal/goat/install/turtlebot3_example:/opt/ros/humble /usr/bin/cmake --build /home/vishal/goat/src/build/turtlebot3_navigation2 -- -j16 -l16
[0.245s] Invoked command in '/home/vishal/goat/src/build/turtlebot3_navigation2' returned '0': CMAKE_PREFIX_PATH=${CMAKE_PREFIX_PATH}:/home/vishal/goat/install/butler_bot:/home/vishal/goat/src/install/turtlebot3_teleop:/home/vishal/goat/src/install/turtlebot3_example:/home/vishal/goat/src/install/butler_bot:/home/vishal/goat/install/turtlebot3_teleop:/home/vishal/goat/install/turtlebot3_example:/opt/ros/humble /usr/bin/cmake --build /home/vishal/goat/src/build/turtlebot3_navigation2 -- -j16 -l16
[0.246s] Invoking command in '/home/vishal/goat/src/build/turtlebot3_navigation2': CMAKE_PREFIX_PATH=${CMAKE_PREFIX_PATH}:/home/vishal/goat/install/butler_bot:/home/vishal/goat/src/install/turtlebot3_teleop:/home/vishal/goat/src/install/turtlebot3_example:/home/vishal/goat/src/install/butler_bot:/home/vishal/goat/install/turtlebot3_teleop:/home/vishal/goat/install/turtlebot3_example:/opt/ros/humble /usr/bin/cmake --install /home/vishal/goat/src/build/turtlebot3_navigation2
[0.457s] -- Install configuration: ""
[0.457s] -- Up-to-date: /home/vishal/goat/src/install/turtlebot3_navigation2/share/turtlebot3_navigation2/launch
[0.457s] -- Up-to-date: /home/vishal/goat/src/install/turtlebot3_navigation2/share/turtlebot3_navigation2/launch/navigation2.launch.py
[0.457s] -- Up-to-date: /home/vishal/goat/src/install/turtlebot3_navigation2/share/turtlebot3_navigation2/map
[0.457s] -- Up-to-date: /home/vishal/goat/src/install/turtlebot3_navigation2/share/turtlebot3_navigation2/map/map3.pgm
[0.457s] -- Up-to-date: /home/vishal/goat/src/install/turtlebot3_navigation2/share/turtlebot3_navigation2/map/map3.yaml
[0.457s] -- Up-to-date: /home/vishal/goat/src/install/turtlebot3_navigation2/share/turtlebot3_navigation2/param
[0.457s] -- Up-to-date: /home/vishal/goat/src/install/turtlebot3_navigation2/share/turtlebot3_navigation2/param/waffle.yaml
[0.457s] -- Up-to-date: /home/vishal/goat/src/install/turtlebot3_navigation2/share/turtlebot3_navigation2/param/waffle_pi.yaml
[0.457s] -- Up-to-date: /home/vishal/goat/src/install/turtlebot3_navigation2/share/turtlebot3_navigation2/param/burger.yaml
[0.457s] -- Up-to-date: /home/vishal/goat/src/install/turtlebot3_navigation2/share/turtlebot3_navigation2/rviz
[0.458s] -- Up-to-date: /home/vishal/goat/src/install/turtlebot3_navigation2/share/turtlebot3_navigation2/rviz/tb3_navigation2.rviz
[0.458s] -- Up-to-date: /home/vishal/goat/src/install/turtlebot3_navigation2/share/ament_index/resource_index/package_run_dependencies/turtlebot3_navigation2
[0.458s] -- Up-to-date: /home/vishal/goat/src/install/turtlebot3_navigation2/share/ament_index/resource_index/parent_prefix_path/turtlebot3_navigation2
[0.458s] -- Up-to-date: /home/vishal/goat/src/install/turtlebot3_navigation2/share/turtlebot3_navigation2/environment/ament_prefix_path.sh
[0.458s] -- Up-to-date: /home/vishal/goat/src/install/turtlebot3_navigation2/share/turtlebot3_navigation2/environment/ament_prefix_path.dsv
[0.458s] -- Up-to-date: /home/vishal/goat/src/install/turtlebot3_navigation2/share/turtlebot3_navigation2/environment/path.sh
[0.458s] -- Up-to-date: /home/vishal/goat/src/install/turtlebot3_navigation2/share/turtlebot3_navigation2/environment/path.dsv
[0.458s] -- Up-to-date: /home/vishal/goat/src/install/turtlebot3_navigation2/share/turtlebot3_navigation2/local_setup.bash
[0.458s] -- Up-to-date: /home/vishal/goat/src/install/turtlebot3_navigation2/share/turtlebot3_navigation2/local_setup.sh
[0.458s] -- Up-to-date: /home/vishal/goat/src/install/turtlebot3_navigation2/share/turtlebot3_navigation2/local_setup.zsh
[0.458s] -- Up-to-date: /home/vishal/goat/src/install/turtlebot3_navigation2/share/turtlebot3_navigation2/local_setup.dsv
[0.458s] -- Installing: /home/vishal/goat/src/install/turtlebot3_navigation2/share/turtlebot3_navigation2/package.dsv
[0.458s] -- Up-to-date: /home/vishal/goat/src/install/turtlebot3_navigation2/share/ament_index/resource_index/packages/turtlebot3_navigation2
[0.458s] -- Up-to-date: /home/vishal/goat/src/install/turtlebot3_navigation2/share/turtlebot3_navigation2/cmake/turtlebot3_navigation2Config.cmake
[0.458s] -- Up-to-date: /home/vishal/goat/src/install/turtlebot3_navigation2/share/turtlebot3_navigation2/cmake/turtlebot3_navigation2Config-version.cmake
[0.458s] -- Up-to-date: /home/vishal/goat/src/install/turtlebot3_navigation2/share/turtlebot3_navigation2/package.xml
[0.480s] Invoked command in '/home/vishal/goat/src/build/turtlebot3_navigation2' returned '0': CMAKE_PREFIX_PATH=${CMAKE_PREFIX_PATH}:/home/vishal/goat/install/butler_bot:/home/vishal/goat/src/install/turtlebot3_teleop:/home/vishal/goat/src/install/turtlebot3_example:/home/vishal/goat/src/install/butler_bot:/home/vishal/goat/install/turtlebot3_teleop:/home/vishal/goat/install/turtlebot3_example:/opt/ros/humble /usr/bin/cmake --install /home/vishal/goat/src/build/turtlebot3_navigation2
