[0.123s] Invoking command in '/home/vishal/goat/src/build/turtlebot3_node': CMAKE_PREFIX_PATH=/home/vishal/goat/src/install/turtlebot3_msgs:/home/vishal/goat/src/install/turtlebot3:/home/vishal/goat/src/install/turtlebot3_simulations:/home/vishal/goat/src/install/turtlebot3_bringup:/home/vishal/goat/src/install/turtlebot3_node:/home/vishal/goat/src/install/turtlebot3_navigation2:/home/vishal/goat/src/install/turtlebot3_fake_node:/home/vishal/goat/src/install/turtlebot3_gazebo:/home/vishal/goat/src/install/turtlebot3_description:/home/vishal/goat/src/install/turtlebot3_cartographer:/home/vishal/goat/install/turtlebot3:/home/vishal/goat/install/turtlebot3_simulations:/home/vishal/goat/install/turtlebot3_bringup:/home/vishal/goat/install/turtlebot3_node:/home/vishal/goat/install/turtlebot3_navigation2:/home/vishal/goat/install/turtlebot3_fake_node:/home/vishal/goat/install/turtlebot3_msgs:/home/vishal/goat/install/turtlebot3_gazebo:/home/vishal/goat/install/turtlebot3_description:/home/vishal/goat/install/turtlebot3_cartographer:/home/vishal/goat/install/butler_bot:/home/vishal/goat/src/install/turtlebot3_teleop:/home/vishal/goat/src/install/turtlebot3_example:/home/vishal/goat/src/install/butler_bot:/home/vishal/goat/install/turtlebot3_teleop:/home/vishal/goat/install/turtlebot3_example:/opt/ros/humble /usr/bin/cmake --build /home/vishal/goat/src/build/turtlebot3_node -- -j16 -l16
[0.362s] [ 85%] Built target turtlebot3_node_lib
[0.362s] [100%] Built target turtlebot3_ros
[0.574s] Invoked command in '/home/vishal/goat/src/build/turtlebot3_node' returned '0': CMAKE_PREFIX_PATH=/home/vishal/goat/src/install/turtlebot3_msgs:/home/vishal/goat/src/install/turtlebot3:/home/vishal/goat/src/install/turtlebot3_simulations:/home/vishal/goat/src/install/turtlebot3_bringup:/home/vishal/goat/src/install/turtlebot3_node:/home/vishal/goat/src/install/turtlebot3_navigation2:/home/vishal/goat/src/install/turtlebot3_fake_node:/home/vishal/goat/src/install/turtlebot3_gazebo:/home/vishal/goat/src/install/turtlebot3_description:/home/vishal/goat/src/install/turtlebot3_cartographer:/home/vishal/goat/install/turtlebot3:/home/vishal/goat/install/turtlebot3_simulations:/home/vishal/goat/install/turtlebot3_bringup:/home/vishal/goat/install/turtlebot3_node:/home/vishal/goat/install/turtlebot3_navigation2:/home/vishal/goat/install/turtlebot3_fake_node:/home/vishal/goat/install/turtlebot3_msgs:/home/vishal/goat/install/turtlebot3_gazebo:/home/vishal/goat/install/turtlebot3_description:/home/vishal/goat/install/turtlebot3_cartographer:/home/vishal/goat/install/butler_bot:/home/vishal/goat/src/install/turtlebot3_teleop:/home/vishal/goat/src/install/turtlebot3_example:/home/vishal/goat/src/install/butler_bot:/home/vishal/goat/install/turtlebot3_teleop:/home/vishal/goat/install/turtlebot3_example:/opt/ros/humble /usr/bin/cmake --build /home/vishal/goat/src/build/turtlebot3_node -- -j16 -l16
[0.575s] Invoking command in '/home/vishal/goat/src/build/turtlebot3_node': CMAKE_PREFIX_PATH=/home/vishal/goat/src/install/turtlebot3_msgs:/home/vishal/goat/src/install/turtlebot3:/home/vishal/goat/src/install/turtlebot3_simulations:/home/vishal/goat/src/install/turtlebot3_bringup:/home/vishal/goat/src/install/turtlebot3_node:/home/vishal/goat/src/install/turtlebot3_navigation2:/home/vishal/goat/src/install/turtlebot3_fake_node:/home/vishal/goat/src/install/turtlebot3_gazebo:/home/vishal/goat/src/install/turtlebot3_description:/home/vishal/goat/src/install/turtlebot3_cartographer:/home/vishal/goat/install/turtlebot3:/home/vishal/goat/install/turtlebot3_simulations:/home/vishal/goat/install/turtlebot3_bringup:/home/vishal/goat/install/turtlebot3_node:/home/vishal/goat/install/turtlebot3_navigation2:/home/vishal/goat/install/turtlebot3_fake_node:/home/vishal/goat/install/turtlebot3_msgs:/home/vishal/goat/install/turtlebot3_gazebo:/home/vishal/goat/install/turtlebot3_description:/home/vishal/goat/install/turtlebot3_cartographer:/home/vishal/goat/install/butler_bot:/home/vishal/goat/src/install/turtlebot3_teleop:/home/vishal/goat/src/install/turtlebot3_example:/home/vishal/goat/src/install/butler_bot:/home/vishal/goat/install/turtlebot3_teleop:/home/vishal/goat/install/turtlebot3_example:/opt/ros/humble /usr/bin/cmake --install /home/vishal/goat/src/build/turtlebot3_node
[0.580s] -- Install configuration: ""
[0.580s] -- Up-to-date: /home/vishal/goat/src/install/turtlebot3_node/share/turtlebot3_node/param
[0.580s] -- Up-to-date: /home/vishal/goat/src/install/turtlebot3_node/share/turtlebot3_node/param/waffle.yaml
[0.580s] -- Up-to-date: /home/vishal/goat/src/install/turtlebot3_node/share/turtlebot3_node/param/waffle_pi.yaml
[0.580s] -- Up-to-date: /home/vishal/goat/src/install/turtlebot3_node/share/turtlebot3_node/param/burger.yaml
[0.581s] -- Up-to-date: /home/vishal/goat/src/install/turtlebot3_node/lib/turtlebot3_node/turtlebot3_ros
[0.581s] -- Up-to-date: /home/vishal/goat/src/install/turtlebot3_node/share/ament_index/resource_index/package_run_dependencies/turtlebot3_node
[0.581s] -- Up-to-date: /home/vishal/goat/src/install/turtlebot3_node/share/ament_index/resource_index/parent_prefix_path/turtlebot3_node
[0.581s] -- Up-to-date: /home/vishal/goat/src/install/turtlebot3_node/share/turtlebot3_node/environment/ament_prefix_path.sh
[0.581s] -- Up-to-date: /home/vishal/goat/src/install/turtlebot3_node/share/turtlebot3_node/environment/ament_prefix_path.dsv
[0.581s] -- Up-to-date: /home/vishal/goat/src/install/turtlebot3_node/share/turtlebot3_node/environment/path.sh
[0.581s] -- Up-to-date: /home/vishal/goat/src/install/turtlebot3_node/share/turtlebot3_node/environment/path.dsv
[0.581s] -- Up-to-date: /home/vishal/goat/src/install/turtlebot3_node/share/turtlebot3_node/local_setup.bash
[0.581s] -- Up-to-date: /home/vishal/goat/src/install/turtlebot3_node/share/turtlebot3_node/local_setup.sh
[0.581s] -- Up-to-date: /home/vishal/goat/src/install/turtlebot3_node/share/turtlebot3_node/local_setup.zsh
[0.581s] -- Up-to-date: /home/vishal/goat/src/install/turtlebot3_node/share/turtlebot3_node/local_setup.dsv
[0.581s] -- Installing: /home/vishal/goat/src/install/turtlebot3_node/share/turtlebot3_node/package.dsv
[0.581s] -- Up-to-date: /home/vishal/goat/src/install/turtlebot3_node/share/ament_index/resource_index/packages/turtlebot3_node
[0.582s] -- Up-to-date: /home/vishal/goat/src/install/turtlebot3_node/share/turtlebot3_node/cmake/ament_cmake_export_include_directories-extras.cmake
[0.582s] -- Up-to-date: /home/vishal/goat/src/install/turtlebot3_node/share/turtlebot3_node/cmake/turtlebot3_nodeConfig.cmake
[0.582s] -- Up-to-date: /home/vishal/goat/src/install/turtlebot3_node/share/turtlebot3_node/cmake/turtlebot3_nodeConfig-version.cmake
[0.582s] -- Up-to-date: /home/vishal/goat/src/install/turtlebot3_node/share/turtlebot3_node/package.xml
[0.724s] Invoked command in '/home/vishal/goat/src/build/turtlebot3_node' returned '0': CMAKE_PREFIX_PATH=/home/vishal/goat/src/install/turtlebot3_msgs:/home/vishal/goat/src/install/turtlebot3:/home/vishal/goat/src/install/turtlebot3_simulations:/home/vishal/goat/src/install/turtlebot3_bringup:/home/vishal/goat/src/install/turtlebot3_node:/home/vishal/goat/src/install/turtlebot3_navigation2:/home/vishal/goat/src/install/turtlebot3_fake_node:/home/vishal/goat/src/install/turtlebot3_gazebo:/home/vishal/goat/src/install/turtlebot3_description:/home/vishal/goat/src/install/turtlebot3_cartographer:/home/vishal/goat/install/turtlebot3:/home/vishal/goat/install/turtlebot3_simulations:/home/vishal/goat/install/turtlebot3_bringup:/home/vishal/goat/install/turtlebot3_node:/home/vishal/goat/install/turtlebot3_navigation2:/home/vishal/goat/install/turtlebot3_fake_node:/home/vishal/goat/install/turtlebot3_msgs:/home/vishal/goat/install/turtlebot3_gazebo:/home/vishal/goat/install/turtlebot3_description:/home/vishal/goat/install/turtlebot3_cartographer:/home/vishal/goat/install/butler_bot:/home/vishal/goat/src/install/turtlebot3_teleop:/home/vishal/goat/src/install/turtlebot3_example:/home/vishal/goat/src/install/butler_bot:/home/vishal/goat/install/turtlebot3_teleop:/home/vishal/goat/install/turtlebot3_example:/opt/ros/humble /usr/bin/cmake --install /home/vishal/goat/src/build/turtlebot3_node
