[0.022s] Invoking command in '/home/vishal/goat/src/build/turtlebot3_navigation2': CMAKE_PREFIX_PATH=${CMAKE_PREFIX_PATH}:/home/vishal/goat/src/install/turtlebot3_teleop:/home/vishal/goat/src/install/turtlebot3_example:/home/vishal/goat/src/install/butler_bot:/home/vishal/goat/install/turtlebot3_teleop:/home/vishal/goat/install/turtlebot3_example:/opt/ros/humble /usr/bin/cmake /home/vishal/goat/src/turtlebot3/turtlebot3_navigation2 -DCMAKE_INSTALL_PREFIX=/home/vishal/goat/src/install/turtlebot3_navigation2
[0.481s] -- The C compiler identification is GNU 11.4.0
[0.481s] -- The CXX compiler identification is GNU 11.4.0
[0.481s] -- Detecting C compiler ABI info
[0.481s] -- Detecting C compiler ABI info - done
[0.481s] -- Check for working C compiler: /usr/bin/cc - skipped
[0.481s] -- Detecting C compile features
[0.481s] -- Detecting C compile features - done
[0.481s] -- Detecting CXX compiler ABI info
[0.481s] -- Detecting CXX compiler ABI info - done
[0.481s] -- Check for working CXX compiler: /usr/bin/c++ - skipped
[0.481s] -- Detecting CXX compile features
[0.481s] -- Detecting CXX compile features - done
[0.481s] -- Found ament_cmake: 1.3.11 (/opt/ros/humble/share/ament_cmake/cmake)
[0.481s] -- Found Python3: /usr/bin/python3 (found version "3.10.12") found components: Interpreter 
[0.585s] -- Configuring done
[0.588s] -- Generating done
[0.589s] -- Build files have been written to: /home/vishal/goat/src/build/turtlebot3_navigation2
[0.594s] Invoked command in '/home/vishal/goat/src/build/turtlebot3_navigation2' returned '0': CMAKE_PREFIX_PATH=${CMAKE_PREFIX_PATH}:/home/vishal/goat/src/install/turtlebot3_teleop:/home/vishal/goat/src/install/turtlebot3_example:/home/vishal/goat/src/install/butler_bot:/home/vishal/goat/install/turtlebot3_teleop:/home/vishal/goat/install/turtlebot3_example:/opt/ros/humble /usr/bin/cmake /home/vishal/goat/src/turtlebot3/turtlebot3_navigation2 -DCMAKE_INSTALL_PREFIX=/home/vishal/goat/src/install/turtlebot3_navigation2
[0.595s] Invoking command in '/home/vishal/goat/src/build/turtlebot3_navigation2': CMAKE_PREFIX_PATH=${CMAKE_PREFIX_PATH}:/home/vishal/goat/src/install/turtlebot3_teleop:/home/vishal/goat/src/install/turtlebot3_example:/home/vishal/goat/src/install/butler_bot:/home/vishal/goat/install/turtlebot3_teleop:/home/vishal/goat/install/turtlebot3_example:/opt/ros/humble /usr/bin/cmake --build /home/vishal/goat/src/build/turtlebot3_navigation2 -- -j16 -l16
[0.629s] Invoked command in '/home/vishal/goat/src/build/turtlebot3_navigation2' returned '0': CMAKE_PREFIX_PATH=${CMAKE_PREFIX_PATH}:/home/vishal/goat/src/install/turtlebot3_teleop:/home/vishal/goat/src/install/turtlebot3_example:/home/vishal/goat/src/install/butler_bot:/home/vishal/goat/install/turtlebot3_teleop:/home/vishal/goat/install/turtlebot3_example:/opt/ros/humble /usr/bin/cmake --build /home/vishal/goat/src/build/turtlebot3_navigation2 -- -j16 -l16
[0.630s] Invoking command in '/home/vishal/goat/src/build/turtlebot3_navigation2': CMAKE_PREFIX_PATH=${CMAKE_PREFIX_PATH}:/home/vishal/goat/src/install/turtlebot3_teleop:/home/vishal/goat/src/install/turtlebot3_example:/home/vishal/goat/src/install/butler_bot:/home/vishal/goat/install/turtlebot3_teleop:/home/vishal/goat/install/turtlebot3_example:/opt/ros/humble /usr/bin/cmake --install /home/vishal/goat/src/build/turtlebot3_navigation2
[0.636s] -- Install configuration: ""
[0.636s] -- Installing: /home/vishal/goat/src/install/turtlebot3_navigation2/share/turtlebot3_navigation2/launch
[0.637s] -- Installing: /home/vishal/goat/src/install/turtlebot3_navigation2/share/turtlebot3_navigation2/launch/navigation2.launch.py
[0.637s] -- Installing: /home/vishal/goat/src/install/turtlebot3_navigation2/share/turtlebot3_navigation2/map
[0.637s] -- Installing: /home/vishal/goat/src/install/turtlebot3_navigation2/share/turtlebot3_navigation2/map/map3.pgm
[0.637s] -- Installing: /home/vishal/goat/src/install/turtlebot3_navigation2/share/turtlebot3_navigation2/map/map3.yaml
[0.637s] -- Installing: /home/vishal/goat/src/install/turtlebot3_navigation2/share/turtlebot3_navigation2/param
[0.638s] -- Installing: /home/vishal/goat/src/install/turtlebot3_navigation2/share/turtlebot3_navigation2/param/waffle.yaml
[0.638s] -- Installing: /home/vishal/goat/src/install/turtlebot3_navigation2/share/turtlebot3_navigation2/param/waffle_pi.yaml
[0.638s] -- Installing: /home/vishal/goat/src/install/turtlebot3_navigation2/share/turtlebot3_navigation2/param/burger.yaml
[0.638s] -- Installing: /home/vishal/goat/src/install/turtlebot3_navigation2/share/turtlebot3_navigation2/rviz
[0.638s] -- Installing: /home/vishal/goat/src/install/turtlebot3_navigation2/share/turtlebot3_navigation2/rviz/tb3_navigation2.rviz
[0.638s] -- Installing: /home/vishal/goat/src/install/turtlebot3_navigation2/share/ament_index/resource_index/package_run_dependencies/turtlebot3_navigation2
[0.639s] -- Installing: /home/vishal/goat/src/install/turtlebot3_navigation2/share/ament_index/resource_index/parent_prefix_path/turtlebot3_navigation2
[0.639s] -- Installing: /home/vishal/goat/src/install/turtlebot3_navigation2/share/turtlebot3_navigation2/environment/ament_prefix_path.sh
[0.639s] -- Installing: /home/vishal/goat/src/install/turtlebot3_navigation2/share/turtlebot3_navigation2/environment/ament_prefix_path.dsv
[0.639s] -- Installing: /home/vishal/goat/src/install/turtlebot3_navigation2/share/turtlebot3_navigation2/environment/path.sh
[0.639s] -- Installing: /home/vishal/goat/src/install/turtlebot3_navigation2/share/turtlebot3_navigation2/environment/path.dsv
[0.639s] -- Installing: /home/vishal/goat/src/install/turtlebot3_navigation2/share/turtlebot3_navigation2/local_setup.bash
[0.639s] -- Installing: /home/vishal/goat/src/install/turtlebot3_navigation2/share/turtlebot3_navigation2/local_setup.sh
[0.639s] -- Installing: /home/vishal/goat/src/install/turtlebot3_navigation2/share/turtlebot3_navigation2/local_setup.zsh
[0.639s] -- Installing: /home/vishal/goat/src/install/turtlebot3_navigation2/share/turtlebot3_navigation2/local_setup.dsv
[0.640s] -- Installing: /home/vishal/goat/src/install/turtlebot3_navigation2/share/turtlebot3_navigation2/package.dsv
[0.640s] -- Installing: /home/vishal/goat/src/install/turtlebot3_navigation2/share/ament_index/resource_index/packages/turtlebot3_navigation2
[0.641s] -- Installing: /home/vishal/goat/src/install/turtlebot3_navigation2/share/turtlebot3_navigation2/cmake/turtlebot3_navigation2Config.cmake
[0.641s] -- Installing: /home/vishal/goat/src/install/turtlebot3_navigation2/share/turtlebot3_navigation2/cmake/turtlebot3_navigation2Config-version.cmake
[0.641s] -- Installing: /home/vishal/goat/src/install/turtlebot3_navigation2/share/turtlebot3_navigation2/package.xml
[0.654s] Invoked command in '/home/vishal/goat/src/build/turtlebot3_navigation2' returned '0': CMAKE_PREFIX_PATH=${CMAKE_PREFIX_PATH}:/home/vishal/goat/src/install/turtlebot3_teleop:/home/vishal/goat/src/install/turtlebot3_example:/home/vishal/goat/src/install/butler_bot:/home/vishal/goat/install/turtlebot3_teleop:/home/vishal/goat/install/turtlebot3_example:/opt/ros/humble /usr/bin/cmake --install /home/vishal/goat/src/build/turtlebot3_navigation2
