[0.958s] Invoking command in '/home/vishal/goat/src/turtlebot3/turtlebot3_example': CMAKE_PREFIX_PATH=/home/vishal/goat/src/install/turtlebot3_msgs:/home/vishal/goat/src/install/turtlebot3:/home/vishal/goat/src/install/turtlebot3_simulations:/home/vishal/goat/src/install/turtlebot3_bringup:/home/vishal/goat/src/install/turtlebot3_node:/home/vishal/goat/src/install/turtlebot3_navigation2:/home/vishal/goat/src/install/turtlebot3_fake_node:/home/vishal/goat/src/install/turtlebot3_gazebo:/home/vishal/goat/src/install/turtlebot3_description:/home/vishal/goat/src/install/turtlebot3_cartographer:/home/vishal/goat/install/turtlebot3:/home/vishal/goat/install/turtlebot3_simulations:/home/vishal/goat/install/turtlebot3_bringup:/home/vishal/goat/install/turtlebot3_node:/home/vishal/goat/install/turtlebot3_navigation2:/home/vishal/goat/install/turtlebot3_fake_node:/home/vishal/goat/install/turtlebot3_msgs:/home/vishal/goat/install/turtlebot3_gazebo:/home/vishal/goat/install/turtlebot3_description:/home/vishal/goat/install/turtlebot3_cartographer PYTHONPATH=/home/vishal/goat/src/build/turtlebot3_example/prefix_override:/usr/lib/python3/dist-packages/colcon_core/task/python/colcon_distutils_commands:/home/vishal/goat/src/install/turtlebot3_example/lib/python3.10/site-packages:${PYTHONPATH} /usr/bin/python3 -W ignore:setup.py install is deprecated -W ignore:easy_install command is deprecated setup.py egg_info --egg-base ../../build/turtlebot3_example build --build-base /home/vishal/goat/src/build/turtlebot3_example/build install --record /home/vishal/goat/src/build/turtlebot3_example/install.log --single-version-externally-managed install_data
[1.092s] running egg_info
[1.092s] writing ../../build/turtlebot3_example/turtlebot3_example.egg-info/PKG-INFO
[1.200s] writing dependency_links to ../../build/turtlebot3_example/turtlebot3_example.egg-info/dependency_links.txt
[1.201s] writing entry points to ../../build/turtlebot3_example/turtlebot3_example.egg-info/entry_points.txt
[1.201s] writing requirements to ../../build/turtlebot3_example/turtlebot3_example.egg-info/requires.txt
[1.201s] writing top-level names to ../../build/turtlebot3_example/turtlebot3_example.egg-info/top_level.txt
[1.201s] reading manifest file '../../build/turtlebot3_example/turtlebot3_example.egg-info/SOURCES.txt'
[1.201s] writing manifest file '../../build/turtlebot3_example/turtlebot3_example.egg-info/SOURCES.txt'
[1.201s] running build
[1.201s] running build_py
[1.201s] running install
[1.201s] running install_lib
[1.201s] running install_data
[1.201s] running install_egg_info
[1.201s] removing '/home/vishal/goat/src/install/turtlebot3_example/lib/python3.10/site-packages/turtlebot3_example-2.1.5-py3.10.egg-info' (and everything under it)
[1.201s] Copying ../../build/turtlebot3_example/turtlebot3_example.egg-info to /home/vishal/goat/src/install/turtlebot3_example/lib/python3.10/site-packages/turtlebot3_example-2.1.5-py3.10.egg-info
[1.201s] running install_scripts
[1.201s] Installing turtlebot3_obstacle_detection script to /home/vishal/goat/src/install/turtlebot3_example/lib/turtlebot3_example
[1.290s] Installing turtlebot3_patrol_client script to /home/vishal/goat/src/install/turtlebot3_example/lib/turtlebot3_example
[1.290s] Installing turtlebot3_patrol_server script to /home/vishal/goat/src/install/turtlebot3_example/lib/turtlebot3_example
[1.290s] Installing turtlebot3_position_control script to /home/vishal/goat/src/install/turtlebot3_example/lib/turtlebot3_example
[1.291s] writing list of installed files to '/home/vishal/goat/src/build/turtlebot3_example/install.log'
[1.348s] Invoked command in '/home/vishal/goat/src/turtlebot3/turtlebot3_example' returned '0': CMAKE_PREFIX_PATH=/home/vishal/goat/src/install/turtlebot3_msgs:/home/vishal/goat/src/install/turtlebot3:/home/vishal/goat/src/install/turtlebot3_simulations:/home/vishal/goat/src/install/turtlebot3_bringup:/home/vishal/goat/src/install/turtlebot3_node:/home/vishal/goat/src/install/turtlebot3_navigation2:/home/vishal/goat/src/install/turtlebot3_fake_node:/home/vishal/goat/src/install/turtlebot3_gazebo:/home/vishal/goat/src/install/turtlebot3_description:/home/vishal/goat/src/install/turtlebot3_cartographer:/home/vishal/goat/install/turtlebot3:/home/vishal/goat/install/turtlebot3_simulations:/home/vishal/goat/install/turtlebot3_bringup:/home/vishal/goat/install/turtlebot3_node:/home/vishal/goat/install/turtlebot3_navigation2:/home/vishal/goat/install/turtlebot3_fake_node:/home/vishal/goat/install/turtlebot3_msgs:/home/vishal/goat/install/turtlebot3_gazebo:/home/vishal/goat/install/turtlebot3_description:/home/vishal/goat/install/turtlebot3_cartographer PYTHONPATH=/home/vishal/goat/src/build/turtlebot3_example/prefix_override:/usr/lib/python3/dist-packages/colcon_core/task/python/colcon_distutils_commands:/home/vishal/goat/src/install/turtlebot3_example/lib/python3.10/site-packages:${PYTHONPATH} /usr/bin/python3 -W ignore:setup.py install is deprecated -W ignore:easy_install command is deprecated setup.py egg_info --egg-base ../../build/turtlebot3_example build --build-base /home/vishal/goat/src/build/turtlebot3_example/build install --record /home/vishal/goat/src/build/turtlebot3_example/install.log --single-version-externally-managed install_data
