[0.744s] Invoking command in '/home/vishal/goat/src/turtlebot3/turtlebot3_teleop': PYTHONPATH=/home/vishal/goat/src/build/turtlebot3_teleop/prefix_override:/usr/lib/python3/dist-packages/colcon_core/task/python/colcon_distutils_commands:/home/vishal/goat/src/install/turtlebot3_teleop/lib/python3.10/site-packages:${PYTHONPATH} /usr/bin/python3 -W ignore:setup.py install is deprecated -W ignore:easy_install command is deprecated setup.py egg_info --egg-base ../../build/turtlebot3_teleop build --build-base /home/vishal/goat/src/build/turtlebot3_teleop/build install --record /home/vishal/goat/src/build/turtlebot3_teleop/install.log --single-version-externally-managed install_data
[0.923s] running egg_info
[0.923s] writing ../../build/turtlebot3_teleop/turtlebot3_teleop.egg-info/PKG-INFO
[0.924s] writing dependency_links to ../../build/turtlebot3_teleop/turtlebot3_teleop.egg-info/dependency_links.txt
[0.924s] writing entry points to ../../build/turtlebot3_teleop/turtlebot3_teleop.egg-info/entry_points.txt
[0.924s] writing requirements to ../../build/turtlebot3_teleop/turtlebot3_teleop.egg-info/requires.txt
[0.924s] writing top-level names to ../../build/turtlebot3_teleop/turtlebot3_teleop.egg-info/top_level.txt
[0.925s] reading manifest file '../../build/turtlebot3_teleop/turtlebot3_teleop.egg-info/SOURCES.txt'
[0.926s] writing manifest file '../../build/turtlebot3_teleop/turtlebot3_teleop.egg-info/SOURCES.txt'
[0.926s] running build
[0.926s] running build_py
[0.926s] running install
[0.926s] running install_lib
[0.928s] running install_data
[0.928s] running install_egg_info
[0.929s] removing '/home/vishal/goat/src/install/turtlebot3_teleop/lib/python3.10/site-packages/turtlebot3_teleop-2.1.5-py3.10.egg-info' (and everything under it)
[0.930s] Copying ../../build/turtlebot3_teleop/turtlebot3_teleop.egg-info to /home/vishal/goat/src/install/turtlebot3_teleop/lib/python3.10/site-packages/turtlebot3_teleop-2.1.5-py3.10.egg-info
[0.930s] running install_scripts
[0.945s] Installing teleop_keyboard script to /home/vishal/goat/src/install/turtlebot3_teleop/lib/turtlebot3_teleop
[0.946s] writing list of installed files to '/home/vishal/goat/src/build/turtlebot3_teleop/install.log'
[0.974s] Invoked command in '/home/vishal/goat/src/turtlebot3/turtlebot3_teleop' returned '0': PYTHONPATH=/home/vishal/goat/src/build/turtlebot3_teleop/prefix_override:/usr/lib/python3/dist-packages/colcon_core/task/python/colcon_distutils_commands:/home/vishal/goat/src/install/turtlebot3_teleop/lib/python3.10/site-packages:${PYTHONPATH} /usr/bin/python3 -W ignore:setup.py install is deprecated -W ignore:easy_install command is deprecated setup.py egg_info --egg-base ../../build/turtlebot3_teleop build --build-base /home/vishal/goat/src/build/turtlebot3_teleop/build install --record /home/vishal/goat/src/build/turtlebot3_teleop/install.log --single-version-externally-managed install_data
