[0.750s] Invoking command in '/home/vishal/goat/src/turtlebot3/turtlebot3_teleop': PYTHONPATH=/home/vishal/goat/src/build/turtlebot3_teleop/prefix_override:/usr/lib/python3/dist-packages/colcon_core/task/python/colcon_distutils_commands:/home/vishal/goat/src/install/turtlebot3_teleop/lib/python3.10/site-packages:${PYTHONPATH} /usr/bin/python3 -W ignore:setup.py install is deprecated -W ignore:easy_install command is deprecated setup.py egg_info --egg-base ../../build/turtlebot3_teleop build --build-base /home/vishal/goat/src/build/turtlebot3_teleop/build install --record /home/vishal/goat/src/build/turtlebot3_teleop/install.log --single-version-externally-managed install_data
[0.937s] running egg_info
[0.938s] creating ../../build/turtlebot3_teleop/turtlebot3_teleop.egg-info
[0.938s] writing ../../build/turtlebot3_teleop/turtlebot3_teleop.egg-info/PKG-INFO
[0.938s] writing dependency_links to ../../build/turtlebot3_teleop/turtlebot3_teleop.egg-info/dependency_links.txt
[0.938s] writing entry points to ../../build/turtlebot3_teleop/turtlebot3_teleop.egg-info/entry_points.txt
[0.938s] writing requirements to ../../build/turtlebot3_teleop/turtlebot3_teleop.egg-info/requires.txt
[0.938s] writing top-level names to ../../build/turtlebot3_teleop/turtlebot3_teleop.egg-info/top_level.txt
[0.938s] writing manifest file '../../build/turtlebot3_teleop/turtlebot3_teleop.egg-info/SOURCES.txt'
[0.940s] reading manifest file '../../build/turtlebot3_teleop/turtlebot3_teleop.egg-info/SOURCES.txt'
[0.942s] writing manifest file '../../build/turtlebot3_teleop/turtlebot3_teleop.egg-info/SOURCES.txt'
[0.942s] running build
[0.942s] running build_py
[0.943s] creating /home/vishal/goat/src/build/turtlebot3_teleop/build
[0.943s] creating /home/vishal/goat/src/build/turtlebot3_teleop/build/lib
[0.943s] creating /home/vishal/goat/src/build/turtlebot3_teleop/build/lib/turtlebot3_teleop
[0.943s] copying turtlebot3_teleop/__init__.py -> /home/vishal/goat/src/build/turtlebot3_teleop/build/lib/turtlebot3_teleop
[0.943s] creating /home/vishal/goat/src/build/turtlebot3_teleop/build/lib/turtlebot3_teleop/script
[0.943s] copying turtlebot3_teleop/script/teleop_keyboard.py -> /home/vishal/goat/src/build/turtlebot3_teleop/build/lib/turtlebot3_teleop/script
[0.943s] copying turtlebot3_teleop/script/__init__.py -> /home/vishal/goat/src/build/turtlebot3_teleop/build/lib/turtlebot3_teleop/script
[0.943s] running install
[0.943s] running install_lib
[0.944s] creating /home/vishal/goat/src/install/turtlebot3_teleop/lib/python3.10/site-packages/turtlebot3_teleop
[0.944s] creating /home/vishal/goat/src/install/turtlebot3_teleop/lib/python3.10/site-packages/turtlebot3_teleop/script
[0.944s] copying /home/vishal/goat/src/build/turtlebot3_teleop/build/lib/turtlebot3_teleop/script/teleop_keyboard.py -> /home/vishal/goat/src/install/turtlebot3_teleop/lib/python3.10/site-packages/turtlebot3_teleop/script
[0.944s] copying /home/vishal/goat/src/build/turtlebot3_teleop/build/lib/turtlebot3_teleop/script/__init__.py -> /home/vishal/goat/src/install/turtlebot3_teleop/lib/python3.10/site-packages/turtlebot3_teleop/script
[0.944s] copying /home/vishal/goat/src/build/turtlebot3_teleop/build/lib/turtlebot3_teleop/__init__.py -> /home/vishal/goat/src/install/turtlebot3_teleop/lib/python3.10/site-packages/turtlebot3_teleop
[0.945s] byte-compiling /home/vishal/goat/src/install/turtlebot3_teleop/lib/python3.10/site-packages/turtlebot3_teleop/script/teleop_keyboard.py to teleop_keyboard.cpython-310.pyc
[0.946s] byte-compiling /home/vishal/goat/src/install/turtlebot3_teleop/lib/python3.10/site-packages/turtlebot3_teleop/script/__init__.py to __init__.cpython-310.pyc
[0.946s] byte-compiling /home/vishal/goat/src/install/turtlebot3_teleop/lib/python3.10/site-packages/turtlebot3_teleop/__init__.py to __init__.cpython-310.pyc
[0.946s] running install_data
[0.946s] creating /home/vishal/goat/src/install/turtlebot3_teleop/share/ament_index
[0.946s] creating /home/vishal/goat/src/install/turtlebot3_teleop/share/ament_index/resource_index
[0.946s] creating /home/vishal/goat/src/install/turtlebot3_teleop/share/ament_index/resource_index/packages
[0.946s] copying resource/turtlebot3_teleop -> /home/vishal/goat/src/install/turtlebot3_teleop/share/ament_index/resource_index/packages
[0.946s] copying package.xml -> /home/vishal/goat/src/install/turtlebot3_teleop/share/turtlebot3_teleop
[0.946s] running install_egg_info
[0.948s] Copying ../../build/turtlebot3_teleop/turtlebot3_teleop.egg-info to /home/vishal/goat/src/install/turtlebot3_teleop/lib/python3.10/site-packages/turtlebot3_teleop-2.1.5-py3.10.egg-info
[0.949s] running install_scripts
[0.967s] Installing teleop_keyboard script to /home/vishal/goat/src/install/turtlebot3_teleop/lib/turtlebot3_teleop
[0.967s] writing list of installed files to '/home/vishal/goat/src/build/turtlebot3_teleop/install.log'
[0.999s] Invoked command in '/home/vishal/goat/src/turtlebot3/turtlebot3_teleop' returned '0': PYTHONPATH=/home/vishal/goat/src/build/turtlebot3_teleop/prefix_override:/usr/lib/python3/dist-packages/colcon_core/task/python/colcon_distutils_commands:/home/vishal/goat/src/install/turtlebot3_teleop/lib/python3.10/site-packages:${PYTHONPATH} /usr/bin/python3 -W ignore:setup.py install is deprecated -W ignore:easy_install command is deprecated setup.py egg_info --egg-base ../../build/turtlebot3_teleop build --build-base /home/vishal/goat/src/build/turtlebot3_teleop/build install --record /home/vishal/goat/src/build/turtlebot3_teleop/install.log --single-version-externally-managed install_data
