[0.037s] Invoking command in '/home/vishal/goat/src/build/turtlebot3_simulations': CMAKE_PREFIX_PATH=/home/vishal/goat/src/install/turtlebot3_fake_node:/home/vishal/goat/src/install/turtlebot3_msgs:/home/vishal/goat/src/install/turtlebot3_gazebo:/home/vishal/goat/src/install/turtlebot3:/home/vishal/goat/src/install/turtlebot3_simulations:/home/vishal/goat/src/install/turtlebot3_bringup:/home/vishal/goat/src/install/turtlebot3_node:/home/vishal/goat/src/install/turtlebot3_navigation2:/home/vishal/goat/src/install/turtlebot3_description:/home/vishal/goat/src/install/turtlebot3_cartographer:/home/vishal/goat/install/turtlebot3:/home/vishal/goat/install/turtlebot3_simulations:/home/vishal/goat/install/turtlebot3_bringup:/home/vishal/goat/install/turtlebot3_node:/home/vishal/goat/install/turtlebot3_navigation2:/home/vishal/goat/install/turtlebot3_fake_node:/home/vishal/goat/install/turtlebot3_msgs:/home/vishal/goat/install/turtlebot3_gazebo:/home/vishal/goat/install/turtlebot3_description:/home/vishal/goat/install/turtlebot3_cartographer:/home/vishal/goat/src/install/turtlebot3_teleop:/home/vishal/goat/src/install/turtlebot3_example:/home/vishal/goat/src/install/butler_bot:/home/vishal/goat/install/turtlebot3_teleop:/home/vishal/goat/install/turtlebot3_example:/opt/ros/humble /usr/bin/cmake /home/vishal/goat/src/turtlebot3_simulations/turtlebot3_simulations -DCMAKE_INSTALL_PREFIX=/home/vishal/goat/src/install/turtlebot3_simulations
[0.131s] -- The C compiler identification is GNU 11.4.0
[0.211s] -- The CXX compiler identification is GNU 11.4.0
[0.218s] -- Detecting C compiler ABI info
[0.292s] -- Detecting C compiler ABI info - done
[0.297s] -- Check for working C compiler: /usr/bin/cc - skipped
[0.297s] -- Detecting C compile features
[0.297s] -- Detecting C compile features - done
[0.299s] -- Detecting CXX compiler ABI info
[0.381s] -- Detecting CXX compiler ABI info - done
[0.387s] -- Check for working CXX compiler: /usr/bin/c++ - skipped
[0.387s] -- Detecting CXX compile features
[0.387s] -- Detecting CXX compile features - done
[0.391s] -- Found ament_cmake: 1.3.11 (/opt/ros/humble/share/ament_cmake/cmake)
[0.522s] -- Found Python3: /usr/bin/python3 (found version "3.10.12") found components: Interpreter 
[0.868s] -- Configuring done
[0.870s] -- Generating done
[0.871s] -- Build files have been written to: /home/vishal/goat/src/build/turtlebot3_simulations
[0.875s] Invoked command in '/home/vishal/goat/src/build/turtlebot3_simulations' returned '0': CMAKE_PREFIX_PATH=/home/vishal/goat/src/install/turtlebot3_fake_node:/home/vishal/goat/src/install/turtlebot3_msgs:/home/vishal/goat/src/install/turtlebot3_gazebo:/home/vishal/goat/src/install/turtlebot3:/home/vishal/goat/src/install/turtlebot3_simulations:/home/vishal/goat/src/install/turtlebot3_bringup:/home/vishal/goat/src/install/turtlebot3_node:/home/vishal/goat/src/install/turtlebot3_navigation2:/home/vishal/goat/src/install/turtlebot3_description:/home/vishal/goat/src/install/turtlebot3_cartographer:/home/vishal/goat/install/turtlebot3:/home/vishal/goat/install/turtlebot3_simulations:/home/vishal/goat/install/turtlebot3_bringup:/home/vishal/goat/install/turtlebot3_node:/home/vishal/goat/install/turtlebot3_navigation2:/home/vishal/goat/install/turtlebot3_fake_node:/home/vishal/goat/install/turtlebot3_msgs:/home/vishal/goat/install/turtlebot3_gazebo:/home/vishal/goat/install/turtlebot3_description:/home/vishal/goat/install/turtlebot3_cartographer:/home/vishal/goat/src/install/turtlebot3_teleop:/home/vishal/goat/src/install/turtlebot3_example:/home/vishal/goat/src/install/butler_bot:/home/vishal/goat/install/turtlebot3_teleop:/home/vishal/goat/install/turtlebot3_example:/opt/ros/humble /usr/bin/cmake /home/vishal/goat/src/turtlebot3_simulations/turtlebot3_simulations -DCMAKE_INSTALL_PREFIX=/home/vishal/goat/src/install/turtlebot3_simulations
[0.876s] Invoking command in '/home/vishal/goat/src/build/turtlebot3_simulations': CMAKE_PREFIX_PATH=/home/vishal/goat/src/install/turtlebot3_fake_node:/home/vishal/goat/src/install/turtlebot3_msgs:/home/vishal/goat/src/install/turtlebot3_gazebo:/home/vishal/goat/src/install/turtlebot3:/home/vishal/goat/src/install/turtlebot3_simulations:/home/vishal/goat/src/install/turtlebot3_bringup:/home/vishal/goat/src/install/turtlebot3_node:/home/vishal/goat/src/install/turtlebot3_navigation2:/home/vishal/goat/src/install/turtlebot3_description:/home/vishal/goat/src/install/turtlebot3_cartographer:/home/vishal/goat/install/turtlebot3:/home/vishal/goat/install/turtlebot3_simulations:/home/vishal/goat/install/turtlebot3_bringup:/home/vishal/goat/install/turtlebot3_node:/home/vishal/goat/install/turtlebot3_navigation2:/home/vishal/goat/install/turtlebot3_fake_node:/home/vishal/goat/install/turtlebot3_msgs:/home/vishal/goat/install/turtlebot3_gazebo:/home/vishal/goat/install/turtlebot3_description:/home/vishal/goat/install/turtlebot3_cartographer:/home/vishal/goat/src/install/turtlebot3_teleop:/home/vishal/goat/src/install/turtlebot3_example:/home/vishal/goat/src/install/butler_bot:/home/vishal/goat/install/turtlebot3_teleop:/home/vishal/goat/install/turtlebot3_example:/opt/ros/humble /usr/bin/cmake --build /home/vishal/goat/src/build/turtlebot3_simulations -- -j16 -l16
[0.914s] Invoked command in '/home/vishal/goat/src/build/turtlebot3_simulations' returned '0': CMAKE_PREFIX_PATH=/home/vishal/goat/src/install/turtlebot3_fake_node:/home/vishal/goat/src/install/turtlebot3_msgs:/home/vishal/goat/src/install/turtlebot3_gazebo:/home/vishal/goat/src/install/turtlebot3:/home/vishal/goat/src/install/turtlebot3_simulations:/home/vishal/goat/src/install/turtlebot3_bringup:/home/vishal/goat/src/install/turtlebot3_node:/home/vishal/goat/src/install/turtlebot3_navigation2:/home/vishal/goat/src/install/turtlebot3_description:/home/vishal/goat/src/install/turtlebot3_cartographer:/home/vishal/goat/install/turtlebot3:/home/vishal/goat/install/turtlebot3_simulations:/home/vishal/goat/install/turtlebot3_bringup:/home/vishal/goat/install/turtlebot3_node:/home/vishal/goat/install/turtlebot3_navigation2:/home/vishal/goat/install/turtlebot3_fake_node:/home/vishal/goat/install/turtlebot3_msgs:/home/vishal/goat/install/turtlebot3_gazebo:/home/vishal/goat/install/turtlebot3_description:/home/vishal/goat/install/turtlebot3_cartographer:/home/vishal/goat/src/install/turtlebot3_teleop:/home/vishal/goat/src/install/turtlebot3_example:/home/vishal/goat/src/install/butler_bot:/home/vishal/goat/install/turtlebot3_teleop:/home/vishal/goat/install/turtlebot3_example:/opt/ros/humble /usr/bin/cmake --build /home/vishal/goat/src/build/turtlebot3_simulations -- -j16 -l16
[0.916s] Invoking command in '/home/vishal/goat/src/build/turtlebot3_simulations': CMAKE_PREFIX_PATH=/home/vishal/goat/src/install/turtlebot3_fake_node:/home/vishal/goat/src/install/turtlebot3_msgs:/home/vishal/goat/src/install/turtlebot3_gazebo:/home/vishal/goat/src/install/turtlebot3:/home/vishal/goat/src/install/turtlebot3_simulations:/home/vishal/goat/src/install/turtlebot3_bringup:/home/vishal/goat/src/install/turtlebot3_node:/home/vishal/goat/src/install/turtlebot3_navigation2:/home/vishal/goat/src/install/turtlebot3_description:/home/vishal/goat/src/install/turtlebot3_cartographer:/home/vishal/goat/install/turtlebot3:/home/vishal/goat/install/turtlebot3_simulations:/home/vishal/goat/install/turtlebot3_bringup:/home/vishal/goat/install/turtlebot3_node:/home/vishal/goat/install/turtlebot3_navigation2:/home/vishal/goat/install/turtlebot3_fake_node:/home/vishal/goat/install/turtlebot3_msgs:/home/vishal/goat/install/turtlebot3_gazebo:/home/vishal/goat/install/turtlebot3_description:/home/vishal/goat/install/turtlebot3_cartographer:/home/vishal/goat/src/install/turtlebot3_teleop:/home/vishal/goat/src/install/turtlebot3_example:/home/vishal/goat/src/install/butler_bot:/home/vishal/goat/install/turtlebot3_teleop:/home/vishal/goat/install/turtlebot3_example:/opt/ros/humble /usr/bin/cmake --install /home/vishal/goat/src/build/turtlebot3_simulations
[0.924s] -- Install configuration: ""
[0.924s] -- Installing: /home/vishal/goat/src/install/turtlebot3_simulations/share/ament_index/resource_index/package_run_dependencies/turtlebot3_simulations
[0.925s] -- Installing: /home/vishal/goat/src/install/turtlebot3_simulations/share/ament_index/resource_index/parent_prefix_path/turtlebot3_simulations
[0.925s] -- Installing: /home/vishal/goat/src/install/turtlebot3_simulations/share/turtlebot3_simulations/environment/ament_prefix_path.sh
[0.925s] -- Installing: /home/vishal/goat/src/install/turtlebot3_simulations/share/turtlebot3_simulations/environment/ament_prefix_path.dsv
[0.925s] -- Installing: /home/vishal/goat/src/install/turtlebot3_simulations/share/turtlebot3_simulations/environment/path.sh
[0.925s] -- Installing: /home/vishal/goat/src/install/turtlebot3_simulations/share/turtlebot3_simulations/environment/path.dsv
[0.925s] -- Installing: /home/vishal/goat/src/install/turtlebot3_simulations/share/turtlebot3_simulations/local_setup.bash
[0.925s] -- Installing: /home/vishal/goat/src/install/turtlebot3_simulations/share/turtlebot3_simulations/local_setup.sh
[0.925s] -- Installing: /home/vishal/goat/src/install/turtlebot3_simulations/share/turtlebot3_simulations/local_setup.zsh
[0.926s] -- Installing: /home/vishal/goat/src/install/turtlebot3_simulations/share/turtlebot3_simulations/local_setup.dsv
[0.926s] -- Installing: /home/vishal/goat/src/install/turtlebot3_simulations/share/turtlebot3_simulations/package.dsv
[0.926s] -- Installing: /home/vishal/goat/src/install/turtlebot3_simulations/share/ament_index/resource_index/packages/turtlebot3_simulations
[0.926s] -- Installing: /home/vishal/goat/src/install/turtlebot3_simulations/share/turtlebot3_simulations/cmake/turtlebot3_simulationsConfig.cmake
[0.926s] -- Installing: /home/vishal/goat/src/install/turtlebot3_simulations/share/turtlebot3_simulations/cmake/turtlebot3_simulationsConfig-version.cmake
[0.926s] -- Installing: /home/vishal/goat/src/install/turtlebot3_simulations/share/turtlebot3_simulations/package.xml
[0.929s] Invoked command in '/home/vishal/goat/src/build/turtlebot3_simulations' returned '0': CMAKE_PREFIX_PATH=/home/vishal/goat/src/install/turtlebot3_fake_node:/home/vishal/goat/src/install/turtlebot3_msgs:/home/vishal/goat/src/install/turtlebot3_gazebo:/home/vishal/goat/src/install/turtlebot3:/home/vishal/goat/src/install/turtlebot3_simulations:/home/vishal/goat/src/install/turtlebot3_bringup:/home/vishal/goat/src/install/turtlebot3_node:/home/vishal/goat/src/install/turtlebot3_navigation2:/home/vishal/goat/src/install/turtlebot3_description:/home/vishal/goat/src/install/turtlebot3_cartographer:/home/vishal/goat/install/turtlebot3:/home/vishal/goat/install/turtlebot3_simulations:/home/vishal/goat/install/turtlebot3_bringup:/home/vishal/goat/install/turtlebot3_node:/home/vishal/goat/install/turtlebot3_navigation2:/home/vishal/goat/install/turtlebot3_fake_node:/home/vishal/goat/install/turtlebot3_msgs:/home/vishal/goat/install/turtlebot3_gazebo:/home/vishal/goat/install/turtlebot3_description:/home/vishal/goat/install/turtlebot3_cartographer:/home/vishal/goat/src/install/turtlebot3_teleop:/home/vishal/goat/src/install/turtlebot3_example:/home/vishal/goat/src/install/butler_bot:/home/vishal/goat/install/turtlebot3_teleop:/home/vishal/goat/install/turtlebot3_example:/opt/ros/humble /usr/bin/cmake --install /home/vishal/goat/src/build/turtlebot3_simulations
