[0.240s] Invoking command in '/home/vishal/goat/src/build/turtlebot3_fake_node': CMAKE_PREFIX_PATH=/home/vishal/goat/src/install/turtlebot3_msgs:/home/vishal/goat/src/install/turtlebot3:/home/vishal/goat/src/install/turtlebot3_simulations:/home/vishal/goat/src/install/turtlebot3_bringup:/home/vishal/goat/src/install/turtlebot3_node:/home/vishal/goat/src/install/turtlebot3_navigation2:/home/vishal/goat/src/install/turtlebot3_fake_node:/home/vishal/goat/src/install/turtlebot3_gazebo:/home/vishal/goat/src/install/turtlebot3_description:/home/vishal/goat/src/install/turtlebot3_cartographer:/home/vishal/goat/install/turtlebot3:/home/vishal/goat/install/turtlebot3_simulations:/home/vishal/goat/install/turtlebot3_bringup:/home/vishal/goat/install/turtlebot3_node:/home/vishal/goat/install/turtlebot3_navigation2:/home/vishal/goat/install/turtlebot3_fake_node:/home/vishal/goat/install/turtlebot3_msgs:/home/vishal/goat/install/turtlebot3_gazebo:/home/vishal/goat/install/turtlebot3_description:/home/vishal/goat/install/turtlebot3_cartographer:/home/vishal/goat/install/butler_bot:/home/vishal/goat/src/install/turtlebot3_teleop:/home/vishal/goat/src/install/turtlebot3_example:/home/vishal/goat/src/install/butler_bot:/home/vishal/goat/install/turtlebot3_teleop:/home/vishal/goat/install/turtlebot3_example:/opt/ros/humble /usr/bin/cmake --build /home/vishal/goat/src/build/turtlebot3_fake_node -- -j16 -l16
[0.290s] [100%] Built target turtlebot3_fake_node
[0.300s] Invoked command in '/home/vishal/goat/src/build/turtlebot3_fake_node' returned '0': CMAKE_PREFIX_PATH=/home/vishal/goat/src/install/turtlebot3_msgs:/home/vishal/goat/src/install/turtlebot3:/home/vishal/goat/src/install/turtlebot3_simulations:/home/vishal/goat/src/install/turtlebot3_bringup:/home/vishal/goat/src/install/turtlebot3_node:/home/vishal/goat/src/install/turtlebot3_navigation2:/home/vishal/goat/src/install/turtlebot3_fake_node:/home/vishal/goat/src/install/turtlebot3_gazebo:/home/vishal/goat/src/install/turtlebot3_description:/home/vishal/goat/src/install/turtlebot3_cartographer:/home/vishal/goat/install/turtlebot3:/home/vishal/goat/install/turtlebot3_simulations:/home/vishal/goat/install/turtlebot3_bringup:/home/vishal/goat/install/turtlebot3_node:/home/vishal/goat/install/turtlebot3_navigation2:/home/vishal/goat/install/turtlebot3_fake_node:/home/vishal/goat/install/turtlebot3_msgs:/home/vishal/goat/install/turtlebot3_gazebo:/home/vishal/goat/install/turtlebot3_description:/home/vishal/goat/install/turtlebot3_cartographer:/home/vishal/goat/install/butler_bot:/home/vishal/goat/src/install/turtlebot3_teleop:/home/vishal/goat/src/install/turtlebot3_example:/home/vishal/goat/src/install/butler_bot:/home/vishal/goat/install/turtlebot3_teleop:/home/vishal/goat/install/turtlebot3_example:/opt/ros/humble /usr/bin/cmake --build /home/vishal/goat/src/build/turtlebot3_fake_node -- -j16 -l16
[0.302s] Invoking command in '/home/vishal/goat/src/build/turtlebot3_fake_node': CMAKE_PREFIX_PATH=/home/vishal/goat/src/install/turtlebot3_msgs:/home/vishal/goat/src/install/turtlebot3:/home/vishal/goat/src/install/turtlebot3_simulations:/home/vishal/goat/src/install/turtlebot3_bringup:/home/vishal/goat/src/install/turtlebot3_node:/home/vishal/goat/src/install/turtlebot3_navigation2:/home/vishal/goat/src/install/turtlebot3_fake_node:/home/vishal/goat/src/install/turtlebot3_gazebo:/home/vishal/goat/src/install/turtlebot3_description:/home/vishal/goat/src/install/turtlebot3_cartographer:/home/vishal/goat/install/turtlebot3:/home/vishal/goat/install/turtlebot3_simulations:/home/vishal/goat/install/turtlebot3_bringup:/home/vishal/goat/install/turtlebot3_node:/home/vishal/goat/install/turtlebot3_navigation2:/home/vishal/goat/install/turtlebot3_fake_node:/home/vishal/goat/install/turtlebot3_msgs:/home/vishal/goat/install/turtlebot3_gazebo:/home/vishal/goat/install/turtlebot3_description:/home/vishal/goat/install/turtlebot3_cartographer:/home/vishal/goat/install/butler_bot:/home/vishal/goat/src/install/turtlebot3_teleop:/home/vishal/goat/src/install/turtlebot3_example:/home/vishal/goat/src/install/butler_bot:/home/vishal/goat/install/turtlebot3_teleop:/home/vishal/goat/install/turtlebot3_example:/opt/ros/humble /usr/bin/cmake --install /home/vishal/goat/src/build/turtlebot3_fake_node
[0.308s] -- Install configuration: ""
[0.308s] -- Up-to-date: /home/vishal/goat/src/install/turtlebot3_fake_node/lib/turtlebot3_fake_node/turtlebot3_fake_node
[0.309s] -- Up-to-date: /home/vishal/goat/src/install/turtlebot3_fake_node/share/turtlebot3_fake_node/launch
[0.309s] -- Up-to-date: /home/vishal/goat/src/install/turtlebot3_fake_node/share/turtlebot3_fake_node/launch/turtlebot3_fake_node.launch.py
[0.309s] -- Up-to-date: /home/vishal/goat/src/install/turtlebot3_fake_node/share/turtlebot3_fake_node/launch/rviz2.launch.py
[0.309s] -- Up-to-date: /home/vishal/goat/src/install/turtlebot3_fake_node/share/turtlebot3_fake_node/param
[0.309s] -- Up-to-date: /home/vishal/goat/src/install/turtlebot3_fake_node/share/turtlebot3_fake_node/param/waffle.yaml
[0.309s] -- Up-to-date: /home/vishal/goat/src/install/turtlebot3_fake_node/share/turtlebot3_fake_node/param/waffle_pi.yaml
[0.309s] -- Up-to-date: /home/vishal/goat/src/install/turtlebot3_fake_node/share/turtlebot3_fake_node/param/burger.yaml
[0.309s] -- Up-to-date: /home/vishal/goat/src/install/turtlebot3_fake_node/include/
[0.309s] -- Up-to-date: /home/vishal/goat/src/install/turtlebot3_fake_node/include//turtlebot3_fake_node
[0.309s] -- Up-to-date: /home/vishal/goat/src/install/turtlebot3_fake_node/include//turtlebot3_fake_node/turtlebot3_fake_node.hpp
[0.310s] -- Up-to-date: /home/vishal/goat/src/install/turtlebot3_fake_node/share/ament_index/resource_index/package_run_dependencies/turtlebot3_fake_node
[0.310s] -- Up-to-date: /home/vishal/goat/src/install/turtlebot3_fake_node/share/ament_index/resource_index/parent_prefix_path/turtlebot3_fake_node
[0.310s] -- Up-to-date: /home/vishal/goat/src/install/turtlebot3_fake_node/share/turtlebot3_fake_node/environment/ament_prefix_path.sh
[0.310s] -- Up-to-date: /home/vishal/goat/src/install/turtlebot3_fake_node/share/turtlebot3_fake_node/environment/ament_prefix_path.dsv
[0.310s] -- Up-to-date: /home/vishal/goat/src/install/turtlebot3_fake_node/share/turtlebot3_fake_node/environment/path.sh
[0.310s] -- Up-to-date: /home/vishal/goat/src/install/turtlebot3_fake_node/share/turtlebot3_fake_node/environment/path.dsv
[0.311s] -- Up-to-date: /home/vishal/goat/src/install/turtlebot3_fake_node/share/turtlebot3_fake_node/local_setup.bash
[0.311s] -- Up-to-date: /home/vishal/goat/src/install/turtlebot3_fake_node/share/turtlebot3_fake_node/local_setup.sh
[0.311s] -- Up-to-date: /home/vishal/goat/src/install/turtlebot3_fake_node/share/turtlebot3_fake_node/local_setup.zsh
[0.311s] -- Up-to-date: /home/vishal/goat/src/install/turtlebot3_fake_node/share/turtlebot3_fake_node/local_setup.dsv
[0.311s] -- Installing: /home/vishal/goat/src/install/turtlebot3_fake_node/share/turtlebot3_fake_node/package.dsv
[0.313s] -- Up-to-date: /home/vishal/goat/src/install/turtlebot3_fake_node/share/ament_index/resource_index/packages/turtlebot3_fake_node
[0.313s] -- Up-to-date: /home/vishal/goat/src/install/turtlebot3_fake_node/share/turtlebot3_fake_node/cmake/ament_cmake_export_include_directories-extras.cmake
[0.313s] -- Up-to-date: /home/vishal/goat/src/install/turtlebot3_fake_node/share/turtlebot3_fake_node/cmake/ament_cmake_export_dependencies-extras.cmake
[0.313s] -- Up-to-date: /home/vishal/goat/src/install/turtlebot3_fake_node/share/turtlebot3_fake_node/cmake/turtlebot3_fake_nodeConfig.cmake
[0.313s] -- Up-to-date: /home/vishal/goat/src/install/turtlebot3_fake_node/share/turtlebot3_fake_node/cmake/turtlebot3_fake_nodeConfig-version.cmake
[0.313s] -- Up-to-date: /home/vishal/goat/src/install/turtlebot3_fake_node/share/turtlebot3_fake_node/package.xml
[0.314s] Invoked command in '/home/vishal/goat/src/build/turtlebot3_fake_node' returned '0': CMAKE_PREFIX_PATH=/home/vishal/goat/src/install/turtlebot3_msgs:/home/vishal/goat/src/install/turtlebot3:/home/vishal/goat/src/install/turtlebot3_simulations:/home/vishal/goat/src/install/turtlebot3_bringup:/home/vishal/goat/src/install/turtlebot3_node:/home/vishal/goat/src/install/turtlebot3_navigation2:/home/vishal/goat/src/install/turtlebot3_fake_node:/home/vishal/goat/src/install/turtlebot3_gazebo:/home/vishal/goat/src/install/turtlebot3_description:/home/vishal/goat/src/install/turtlebot3_cartographer:/home/vishal/goat/install/turtlebot3:/home/vishal/goat/install/turtlebot3_simulations:/home/vishal/goat/install/turtlebot3_bringup:/home/vishal/goat/install/turtlebot3_node:/home/vishal/goat/install/turtlebot3_navigation2:/home/vishal/goat/install/turtlebot3_fake_node:/home/vishal/goat/install/turtlebot3_msgs:/home/vishal/goat/install/turtlebot3_gazebo:/home/vishal/goat/install/turtlebot3_description:/home/vishal/goat/install/turtlebot3_cartographer:/home/vishal/goat/install/butler_bot:/home/vishal/goat/src/install/turtlebot3_teleop:/home/vishal/goat/src/install/turtlebot3_example:/home/vishal/goat/src/install/butler_bot:/home/vishal/goat/install/turtlebot3_teleop:/home/vishal/goat/install/turtlebot3_example:/opt/ros/humble /usr/bin/cmake --install /home/vishal/goat/src/build/turtlebot3_fake_node
