[0.760s] Invoking command in '/home/vishal/goat/src/butler_bot': PYTHONPATH=/home/vishal/goat/src/build/butler_bot/prefix_override:/usr/lib/python3/dist-packages/colcon_core/task/python/colcon_distutils_commands:/home/vishal/goat/src/install/butler_bot/lib/python3.10/site-packages:${PYTHONPATH} /usr/bin/python3 -W ignore:setup.py install is deprecated -W ignore:easy_install command is deprecated setup.py egg_info --egg-base ../build/butler_bot build --build-base /home/vishal/goat/src/build/butler_bot/build install --record /home/vishal/goat/src/build/butler_bot/install.log --single-version-externally-managed install_data
[0.937s] running egg_info
[0.937s] writing ../build/butler_bot/butler_bot.egg-info/PKG-INFO
[0.937s] writing dependency_links to ../build/butler_bot/butler_bot.egg-info/dependency_links.txt
[0.937s] writing entry points to ../build/butler_bot/butler_bot.egg-info/entry_points.txt
[0.938s] writing requirements to ../build/butler_bot/butler_bot.egg-info/requires.txt
[0.938s] writing top-level names to ../build/butler_bot/butler_bot.egg-info/top_level.txt
[0.939s] reading manifest file '../build/butler_bot/butler_bot.egg-info/SOURCES.txt'
[0.939s] writing manifest file '../build/butler_bot/butler_bot.egg-info/SOURCES.txt'
[0.939s] running build
[0.939s] running build_py
[0.940s] copying butler_bot/butler_task2_node.py -> /home/vishal/goat/src/build/butler_bot/build/lib/butler_bot
[0.940s] copying butler_bot/butler_task1_node.py -> /home/vishal/goat/src/build/butler_bot/build/lib/butler_bot
[0.940s] running install
[0.940s] running install_lib
[0.941s] copying /home/vishal/goat/src/build/butler_bot/build/lib/butler_bot/butler_task2_node.py -> /home/vishal/goat/src/install/butler_bot/lib/python3.10/site-packages/butler_bot
[0.941s] copying /home/vishal/goat/src/build/butler_bot/build/lib/butler_bot/butler_task1_node.py -> /home/vishal/goat/src/install/butler_bot/lib/python3.10/site-packages/butler_bot
[0.942s] byte-compiling /home/vishal/goat/src/install/butler_bot/lib/python3.10/site-packages/butler_bot/butler_task2_node.py to butler_task2_node.cpython-310.pyc
[0.942s] byte-compiling /home/vishal/goat/src/install/butler_bot/lib/python3.10/site-packages/butler_bot/butler_task1_node.py to butler_task1_node.cpython-310.pyc
[0.943s] running install_data
[0.943s] running install_egg_info
[0.944s] removing '/home/vishal/goat/src/install/butler_bot/lib/python3.10/site-packages/butler_bot-0.0.0-py3.10.egg-info' (and everything under it)
[0.944s] Copying ../build/butler_bot/butler_bot.egg-info to /home/vishal/goat/src/install/butler_bot/lib/python3.10/site-packages/butler_bot-0.0.0-py3.10.egg-info
[0.945s] running install_scripts
[0.961s] Installing butler_task1_node script to /home/vishal/goat/src/install/butler_bot/lib/butler_bot
[0.961s] Installing butler_task2_node script to /home/vishal/goat/src/install/butler_bot/lib/butler_bot
[0.961s] writing list of installed files to '/home/vishal/goat/src/build/butler_bot/install.log'
[0.984s] Invoked command in '/home/vishal/goat/src/butler_bot' returned '0': PYTHONPATH=/home/vishal/goat/src/build/butler_bot/prefix_override:/usr/lib/python3/dist-packages/colcon_core/task/python/colcon_distutils_commands:/home/vishal/goat/src/install/butler_bot/lib/python3.10/site-packages:${PYTHONPATH} /usr/bin/python3 -W ignore:setup.py install is deprecated -W ignore:easy_install command is deprecated setup.py egg_info --egg-base ../build/butler_bot build --build-base /home/vishal/goat/src/build/butler_bot/build install --record /home/vishal/goat/src/build/butler_bot/install.log --single-version-externally-managed install_data
