[0.764s] Invoking command in '/home/vishal/goat/src/butler_bot': PYTHONPATH=/home/vishal/goat/src/build/butler_bot/prefix_override:/usr/lib/python3/dist-packages/colcon_core/task/python/colcon_distutils_commands:/home/vishal/goat/src/install/butler_bot/lib/python3.10/site-packages:${PYTHONPATH} /usr/bin/python3 -W ignore:setup.py install is deprecated -W ignore:easy_install command is deprecated setup.py egg_info --egg-base ../build/butler_bot build --build-base /home/vishal/goat/src/build/butler_bot/build install --record /home/vishal/goat/src/build/butler_bot/install.log --single-version-externally-managed install_data
[0.949s] running egg_info
[0.949s] creating ../build/butler_bot/butler_bot.egg-info
[0.949s] writing ../build/butler_bot/butler_bot.egg-info/PKG-INFO
[0.949s] writing dependency_links to ../build/butler_bot/butler_bot.egg-info/dependency_links.txt
[0.949s] writing entry points to ../build/butler_bot/butler_bot.egg-info/entry_points.txt
[0.949s] writing requirements to ../build/butler_bot/butler_bot.egg-info/requires.txt
[0.950s] writing top-level names to ../build/butler_bot/butler_bot.egg-info/top_level.txt
[0.950s] writing manifest file '../build/butler_bot/butler_bot.egg-info/SOURCES.txt'
[0.951s] reading manifest file '../build/butler_bot/butler_bot.egg-info/SOURCES.txt'
[0.952s] writing manifest file '../build/butler_bot/butler_bot.egg-info/SOURCES.txt'
[0.952s] running build
[0.952s] running build_py
[0.952s] creating /home/vishal/goat/src/build/butler_bot/build
[0.953s] creating /home/vishal/goat/src/build/butler_bot/build/lib
[0.953s] creating /home/vishal/goat/src/build/butler_bot/build/lib/butler_bot
[0.953s] copying butler_bot/butler_task1_node.py -> /home/vishal/goat/src/build/butler_bot/build/lib/butler_bot
[0.953s] copying butler_bot/__init__.py -> /home/vishal/goat/src/build/butler_bot/build/lib/butler_bot
[0.953s] running install
[0.953s] running install_lib
[0.954s] creating /home/vishal/goat/src/install/butler_bot/lib/python3.10/site-packages/butler_bot
[0.954s] copying /home/vishal/goat/src/build/butler_bot/build/lib/butler_bot/butler_task1_node.py -> /home/vishal/goat/src/install/butler_bot/lib/python3.10/site-packages/butler_bot
[0.954s] copying /home/vishal/goat/src/build/butler_bot/build/lib/butler_bot/__init__.py -> /home/vishal/goat/src/install/butler_bot/lib/python3.10/site-packages/butler_bot
[0.954s] byte-compiling /home/vishal/goat/src/install/butler_bot/lib/python3.10/site-packages/butler_bot/butler_task1_node.py to butler_task1_node.cpython-310.pyc
[0.955s] byte-compiling /home/vishal/goat/src/install/butler_bot/lib/python3.10/site-packages/butler_bot/__init__.py to __init__.cpython-310.pyc
[0.955s] running install_data
[0.955s] creating /home/vishal/goat/src/install/butler_bot/share/ament_index
[0.955s] creating /home/vishal/goat/src/install/butler_bot/share/ament_index/resource_index
[0.955s] creating /home/vishal/goat/src/install/butler_bot/share/ament_index/resource_index/packages
[0.955s] copying resource/butler_bot -> /home/vishal/goat/src/install/butler_bot/share/ament_index/resource_index/packages
[0.955s] copying package.xml -> /home/vishal/goat/src/install/butler_bot/share/butler_bot
[0.955s] running install_egg_info
[0.957s] Copying ../build/butler_bot/butler_bot.egg-info to /home/vishal/goat/src/install/butler_bot/lib/python3.10/site-packages/butler_bot-0.0.0-py3.10.egg-info
[0.958s] running install_scripts
[0.975s] Installing butler_task1_node script to /home/vishal/goat/src/install/butler_bot/lib/butler_bot
[0.975s] writing list of installed files to '/home/vishal/goat/src/build/butler_bot/install.log'
[1.008s] Invoked command in '/home/vishal/goat/src/butler_bot' returned '0': PYTHONPATH=/home/vishal/goat/src/build/butler_bot/prefix_override:/usr/lib/python3/dist-packages/colcon_core/task/python/colcon_distutils_commands:/home/vishal/goat/src/install/butler_bot/lib/python3.10/site-packages:${PYTHONPATH} /usr/bin/python3 -W ignore:setup.py install is deprecated -W ignore:easy_install command is deprecated setup.py egg_info --egg-base ../build/butler_bot build --build-base /home/vishal/goat/src/build/butler_bot/build install --record /home/vishal/goat/src/build/butler_bot/install.log --single-version-externally-managed install_data
