running egg_info
creating ../build/butler_bot/butler_bot.egg-info
writing ../build/butler_bot/butler_bot.egg-info/PKG-INFO
writing dependency_links to ../build/butler_bot/butler_bot.egg-info/dependency_links.txt
writing entry points to ../build/butler_bot/butler_bot.egg-info/entry_points.txt
writing requirements to ../build/butler_bot/butler_bot.egg-info/requires.txt
writing top-level names to ../build/butler_bot/butler_bot.egg-info/top_level.txt
writing manifest file '../build/butler_bot/butler_bot.egg-info/SOURCES.txt'
reading manifest file '../build/butler_bot/butler_bot.egg-info/SOURCES.txt'
writing manifest file '../build/butler_bot/butler_bot.egg-info/SOURCES.txt'
running build
running build_py
creating /home/vishal/goat/src/build/butler_bot/build
creating /home/vishal/goat/src/build/butler_bot/build/lib
creating /home/vishal/goat/src/build/butler_bot/build/lib/butler_bot
copying butler_bot/butler_task1_node.py -> /home/vishal/goat/src/build/butler_bot/build/lib/butler_bot
copying butler_bot/__init__.py -> /home/vishal/goat/src/build/butler_bot/build/lib/butler_bot
running install
running install_lib
creating /home/vishal/goat/src/install/butler_bot/lib/python3.10/site-packages/butler_bot
copying /home/vishal/goat/src/build/butler_bot/build/lib/butler_bot/butler_task1_node.py -> /home/vishal/goat/src/install/butler_bot/lib/python3.10/site-packages/butler_bot
copying /home/vishal/goat/src/build/butler_bot/build/lib/butler_bot/__init__.py -> /home/vishal/goat/src/install/butler_bot/lib/python3.10/site-packages/butler_bot
byte-compiling /home/vishal/goat/src/install/butler_bot/lib/python3.10/site-packages/butler_bot/butler_task1_node.py to butler_task1_node.cpython-310.pyc
byte-compiling /home/vishal/goat/src/install/butler_bot/lib/python3.10/site-packages/butler_bot/__init__.py to __init__.cpython-310.pyc
running install_data
creating /home/vishal/goat/src/install/butler_bot/share/ament_index
creating /home/vishal/goat/src/install/butler_bot/share/ament_index/resource_index
creating /home/vishal/goat/src/install/butler_bot/share/ament_index/resource_index/packages
copying resource/butler_bot -> /home/vishal/goat/src/install/butler_bot/share/ament_index/resource_index/packages
copying package.xml -> /home/vishal/goat/src/install/butler_bot/share/butler_bot
running install_egg_info
Copying ../build/butler_bot/butler_bot.egg-info to /home/vishal/goat/src/install/butler_bot/lib/python3.10/site-packages/butler_bot-0.0.0-py3.10.egg-info
running install_scripts
Installing butler_task1_node script to /home/vishal/goat/src/install/butler_bot/lib/butler_bot
writing list of installed files to '/home/vishal/goat/src/build/butler_bot/install.log'
