[1.390s] Invoking command in '/home/vishal/goat/src/turtlebot3/turtlebot3_teleop': PYTHONPATH=/home/vishal/goat/src/build/turtlebot3_teleop/prefix_override:/usr/lib/python3/dist-packages/colcon_core/task/python/colcon_distutils_commands:/home/vishal/goat/src/install/turtlebot3_teleop/lib/python3.10/site-packages:${PYTHONPATH} /usr/bin/python3 -W ignore:setup.py install is deprecated -W ignore:easy_install command is deprecated setup.py egg_info --egg-base ../../build/turtlebot3_teleop build --build-base /home/vishal/goat/src/build/turtlebot3_teleop/build install --record /home/vishal/goat/src/build/turtlebot3_teleop/install.log --single-version-externally-managed install_data
[1.560s] running egg_info
[1.561s] writing ../../build/turtlebot3_teleop/turtlebot3_teleop.egg-info/PKG-INFO
[1.600s] writing dependency_links to ../../build/turtlebot3_teleop/turtlebot3_teleop.egg-info/dependency_links.txt
[1.612s] writing entry points to ../../build/turtlebot3_teleop/turtlebot3_teleop.egg-info/entry_points.txt
[1.706s] writing requirements to ../../build/turtlebot3_teleop/turtlebot3_teleop.egg-info/requires.txt
[1.798s] writing top-level names to ../../build/turtlebot3_teleop/turtlebot3_teleop.egg-info/top_level.txt
[1.800s] reading manifest file '../../build/turtlebot3_teleop/turtlebot3_teleop.egg-info/SOURCES.txt'
[1.801s] writing manifest file '../../build/turtlebot3_teleop/turtlebot3_teleop.egg-info/SOURCES.txt'
[1.801s] running build
[1.801s] running build_py
[1.801s] running install
[1.801s] running install_lib
[1.803s] running install_data
[1.803s] running install_egg_info
[1.804s] removing '/home/vishal/goat/src/install/turtlebot3_teleop/lib/python3.10/site-packages/turtlebot3_teleop-2.1.5-py3.10.egg-info' (and everything under it)
[1.804s] Copying ../../build/turtlebot3_teleop/turtlebot3_teleop.egg-info to /home/vishal/goat/src/install/turtlebot3_teleop/lib/python3.10/site-packages/turtlebot3_teleop-2.1.5-py3.10.egg-info
[1.805s] running install_scripts
[1.818s] Installing teleop_keyboard script to /home/vishal/goat/src/install/turtlebot3_teleop/lib/turtlebot3_teleop
[1.818s] writing list of installed files to '/home/vishal/goat/src/build/turtlebot3_teleop/install.log'
[1.918s] Invoked command in '/home/vishal/goat/src/turtlebot3/turtlebot3_teleop' returned '0': PYTHONPATH=/home/vishal/goat/src/build/turtlebot3_teleop/prefix_override:/usr/lib/python3/dist-packages/colcon_core/task/python/colcon_distutils_commands:/home/vishal/goat/src/install/turtlebot3_teleop/lib/python3.10/site-packages:${PYTHONPATH} /usr/bin/python3 -W ignore:setup.py install is deprecated -W ignore:easy_install command is deprecated setup.py egg_info --egg-base ../../build/turtlebot3_teleop build --build-base /home/vishal/goat/src/build/turtlebot3_teleop/build install --record /home/vishal/goat/src/build/turtlebot3_teleop/install.log --single-version-externally-managed install_data
