[0.028s] Invoking command in '/home/vishal/goat/src/build/turtlebot3_description': CMAKE_PREFIX_PATH=${CMAKE_PREFIX_PATH}:/home/vishal/goat/src/install/turtlebot3_teleop:/home/vishal/goat/src/install/turtlebot3_example:/home/vishal/goat/src/install/butler_bot:/home/vishal/goat/install/turtlebot3_teleop:/home/vishal/goat/install/turtlebot3_example:/opt/ros/humble /usr/bin/cmake /home/vishal/goat/src/turtlebot3/turtlebot3_description -DCMAKE_INSTALL_PREFIX=/home/vishal/goat/src/install/turtlebot3_description
[0.487s] -- The C compiler identification is GNU 11.4.0
[0.487s] -- The CXX compiler identification is GNU 11.4.0
[0.488s] -- Detecting C compiler ABI info
[0.488s] -- Detecting C compiler ABI info - done
[0.488s] -- Check for working C compiler: /usr/bin/cc - skipped
[0.488s] -- Detecting C compile features
[0.488s] -- Detecting C compile features - done
[0.488s] -- Detecting CXX compiler ABI info
[0.488s] -- Detecting CXX compiler ABI info - done
[0.488s] -- Check for working CXX compiler: /usr/bin/c++ - skipped
[0.488s] -- Detecting CXX compile features
[0.488s] -- Detecting CXX compile features - done
[0.488s] -- Found ament_cmake: 1.3.11 (/opt/ros/humble/share/ament_cmake/cmake)
[0.488s] -- Found Python3: /usr/bin/python3 (found version "3.10.12") found components: Interpreter 
[0.530s] -- Found urdf: 2.6.1 (/opt/ros/humble/share/urdf/cmake)
[0.643s] -- Configuring done
[0.646s] -- Generating done
[0.648s] -- Build files have been written to: /home/vishal/goat/src/build/turtlebot3_description
[0.675s] Invoked command in '/home/vishal/goat/src/build/turtlebot3_description' returned '0': CMAKE_PREFIX_PATH=${CMAKE_PREFIX_PATH}:/home/vishal/goat/src/install/turtlebot3_teleop:/home/vishal/goat/src/install/turtlebot3_example:/home/vishal/goat/src/install/butler_bot:/home/vishal/goat/install/turtlebot3_teleop:/home/vishal/goat/install/turtlebot3_example:/opt/ros/humble /usr/bin/cmake /home/vishal/goat/src/turtlebot3/turtlebot3_description -DCMAKE_INSTALL_PREFIX=/home/vishal/goat/src/install/turtlebot3_description
[0.675s] Invoking command in '/home/vishal/goat/src/build/turtlebot3_description': CMAKE_PREFIX_PATH=${CMAKE_PREFIX_PATH}:/home/vishal/goat/src/install/turtlebot3_teleop:/home/vishal/goat/src/install/turtlebot3_example:/home/vishal/goat/src/install/butler_bot:/home/vishal/goat/install/turtlebot3_teleop:/home/vishal/goat/install/turtlebot3_example:/opt/ros/humble /usr/bin/cmake --build /home/vishal/goat/src/build/turtlebot3_description -- -j16 -l16
[0.714s] Invoked command in '/home/vishal/goat/src/build/turtlebot3_description' returned '0': CMAKE_PREFIX_PATH=${CMAKE_PREFIX_PATH}:/home/vishal/goat/src/install/turtlebot3_teleop:/home/vishal/goat/src/install/turtlebot3_example:/home/vishal/goat/src/install/butler_bot:/home/vishal/goat/install/turtlebot3_teleop:/home/vishal/goat/install/turtlebot3_example:/opt/ros/humble /usr/bin/cmake --build /home/vishal/goat/src/build/turtlebot3_description -- -j16 -l16
[0.716s] Invoking command in '/home/vishal/goat/src/build/turtlebot3_description': CMAKE_PREFIX_PATH=${CMAKE_PREFIX_PATH}:/home/vishal/goat/src/install/turtlebot3_teleop:/home/vishal/goat/src/install/turtlebot3_example:/home/vishal/goat/src/install/butler_bot:/home/vishal/goat/install/turtlebot3_teleop:/home/vishal/goat/install/turtlebot3_example:/opt/ros/humble /usr/bin/cmake --install /home/vishal/goat/src/build/turtlebot3_description
[0.724s] -- Install configuration: ""
[0.724s] -- Installing: /home/vishal/goat/src/install/turtlebot3_description/share/turtlebot3_description/meshes
[0.724s] -- Installing: /home/vishal/goat/src/install/turtlebot3_description/share/turtlebot3_description/meshes/sensors
[0.724s] -- Installing: /home/vishal/goat/src/install/turtlebot3_description/share/turtlebot3_description/meshes/sensors/astra.dae
[0.734s] -- Installing: /home/vishal/goat/src/install/turtlebot3_description/share/turtlebot3_description/meshes/sensors/astra.jpg
[0.734s] -- Installing: /home/vishal/goat/src/install/turtlebot3_description/share/turtlebot3_description/meshes/sensors/lds.stl
[0.734s] -- Installing: /home/vishal/goat/src/install/turtlebot3_description/share/turtlebot3_description/meshes/sensors/r200.dae
[0.735s] -- Installing: /home/vishal/goat/src/install/turtlebot3_description/share/turtlebot3_description/meshes/sensors/r200.jpg
[0.735s] -- Installing: /home/vishal/goat/src/install/turtlebot3_description/share/turtlebot3_description/meshes/bases
[0.735s] -- Installing: /home/vishal/goat/src/install/turtlebot3_description/share/turtlebot3_description/meshes/bases/waffle_base.stl
[0.750s] -- Installing: /home/vishal/goat/src/install/turtlebot3_description/share/turtlebot3_description/meshes/bases/waffle_pi_base.stl
[0.758s] -- Installing: /home/vishal/goat/src/install/turtlebot3_description/share/turtlebot3_description/meshes/bases/burger_base.stl
[0.764s] -- Installing: /home/vishal/goat/src/install/turtlebot3_description/share/turtlebot3_description/meshes/wheels
[0.764s] -- Installing: /home/vishal/goat/src/install/turtlebot3_description/share/turtlebot3_description/meshes/wheels/right_tire.stl
[0.764s] -- Installing: /home/vishal/goat/src/install/turtlebot3_description/share/turtlebot3_description/meshes/wheels/left_tire.stl
[0.765s] -- Installing: /home/vishal/goat/src/install/turtlebot3_description/share/turtlebot3_description/rviz
[0.766s] -- Installing: /home/vishal/goat/src/install/turtlebot3_description/share/turtlebot3_description/rviz/model.rviz
[0.766s] -- Installing: /home/vishal/goat/src/install/turtlebot3_description/share/turtlebot3_description/urdf
[0.766s] -- Installing: /home/vishal/goat/src/install/turtlebot3_description/share/turtlebot3_description/urdf/turtlebot3_waffle.urdf
[0.766s] -- Installing: /home/vishal/goat/src/install/turtlebot3_description/share/turtlebot3_description/urdf/turtlebot3_burger.urdf
[0.766s] -- Installing: /home/vishal/goat/src/install/turtlebot3_description/share/turtlebot3_description/urdf/common_properties.urdf
[0.766s] -- Installing: /home/vishal/goat/src/install/turtlebot3_description/share/turtlebot3_description/urdf/turtlebot3_waffle_pi.urdf
[0.766s] -- Installing: /home/vishal/goat/src/install/turtlebot3_description/share/ament_index/resource_index/package_run_dependencies/turtlebot3_description
[0.766s] -- Installing: /home/vishal/goat/src/install/turtlebot3_description/share/ament_index/resource_index/parent_prefix_path/turtlebot3_description
[0.767s] -- Installing: /home/vishal/goat/src/install/turtlebot3_description/share/turtlebot3_description/environment/ament_prefix_path.sh
[0.767s] -- Installing: /home/vishal/goat/src/install/turtlebot3_description/share/turtlebot3_description/environment/ament_prefix_path.dsv
[0.767s] -- Installing: /home/vishal/goat/src/install/turtlebot3_description/share/turtlebot3_description/environment/path.sh
[0.767s] -- Installing: /home/vishal/goat/src/install/turtlebot3_description/share/turtlebot3_description/environment/path.dsv
[0.767s] -- Installing: /home/vishal/goat/src/install/turtlebot3_description/share/turtlebot3_description/local_setup.bash
[0.767s] -- Installing: /home/vishal/goat/src/install/turtlebot3_description/share/turtlebot3_description/local_setup.sh
[0.767s] -- Installing: /home/vishal/goat/src/install/turtlebot3_description/share/turtlebot3_description/local_setup.zsh
[0.767s] -- Installing: /home/vishal/goat/src/install/turtlebot3_description/share/turtlebot3_description/local_setup.dsv
[0.768s] -- Installing: /home/vishal/goat/src/install/turtlebot3_description/share/turtlebot3_description/package.dsv
[0.768s] -- Installing: /home/vishal/goat/src/install/turtlebot3_description/share/ament_index/resource_index/packages/turtlebot3_description
[0.768s] -- Installing: /home/vishal/goat/src/install/turtlebot3_description/share/turtlebot3_description/cmake/turtlebot3_descriptionConfig.cmake
[0.768s] -- Installing: /home/vishal/goat/src/install/turtlebot3_description/share/turtlebot3_description/cmake/turtlebot3_descriptionConfig-version.cmake
[0.768s] -- Installing: /home/vishal/goat/src/install/turtlebot3_description/share/turtlebot3_description/package.xml
[0.770s] Invoked command in '/home/vishal/goat/src/build/turtlebot3_description' returned '0': CMAKE_PREFIX_PATH=${CMAKE_PREFIX_PATH}:/home/vishal/goat/src/install/turtlebot3_teleop:/home/vishal/goat/src/install/turtlebot3_example:/home/vishal/goat/src/install/butler_bot:/home/vishal/goat/install/turtlebot3_teleop:/home/vishal/goat/install/turtlebot3_example:/opt/ros/humble /usr/bin/cmake --install /home/vishal/goat/src/build/turtlebot3_description
