[0.013s] Invoking command in '/home/vishal/goat/src/build/turtlebot3_bringup': CMAKE_PREFIX_PATH=/home/vishal/goat/src/install/turtlebot3_node:/home/vishal/goat/src/install/turtlebot3_msgs:/home/vishal/goat/src/install/turtlebot3_description:/home/vishal/goat/src/install/turtlebot3:/home/vishal/goat/src/install/turtlebot3_simulations:/home/vishal/goat/src/install/turtlebot3_bringup:/home/vishal/goat/src/install/turtlebot3_navigation2:/home/vishal/goat/src/install/turtlebot3_fake_node:/home/vishal/goat/src/install/turtlebot3_gazebo:/home/vishal/goat/src/install/turtlebot3_cartographer:/home/vishal/goat/install/turtlebot3:/home/vishal/goat/install/turtlebot3_simulations:/home/vishal/goat/install/turtlebot3_bringup:/home/vishal/goat/install/turtlebot3_node:/home/vishal/goat/install/turtlebot3_navigation2:/home/vishal/goat/install/turtlebot3_fake_node:/home/vishal/goat/install/turtlebot3_msgs:/home/vishal/goat/install/turtlebot3_gazebo:/home/vishal/goat/install/turtlebot3_description:/home/vishal/goat/install/turtlebot3_cartographer:/home/vishal/goat/src/install/turtlebot3_teleop:/home/vishal/goat/src/install/turtlebot3_example:/home/vishal/goat/src/install/butler_bot:/home/vishal/goat/install/turtlebot3_teleop:/home/vishal/goat/install/turtlebot3_example:/opt/ros/humble /usr/bin/cmake /home/vishal/goat/src/turtlebot3/turtlebot3_bringup -DCMAKE_INSTALL_PREFIX=/home/vishal/goat/src/install/turtlebot3_bringup
[0.060s] -- The C compiler identification is GNU 11.4.0
[0.109s] -- The CXX compiler identification is GNU 11.4.0
[0.116s] -- Detecting C compiler ABI info
[0.179s] -- Detecting C compiler ABI info - done
[0.184s] -- Check for working C compiler: /usr/bin/cc - skipped
[0.184s] -- Detecting C compile features
[0.185s] -- Detecting C compile features - done
[0.187s] -- Detecting CXX compiler ABI info
[0.261s] -- Detecting CXX compiler ABI info - done
[0.266s] -- Check for working CXX compiler: /usr/bin/c++ - skipped
[0.266s] -- Detecting CXX compile features
[0.266s] -- Detecting CXX compile features - done
[0.270s] -- Found ament_cmake: 1.3.11 (/opt/ros/humble/share/ament_cmake/cmake)
[0.392s] -- Found Python3: /usr/bin/python3 (found version "3.10.12") found components: Interpreter 
[0.529s] -- Configuring done
[0.532s] -- Generating done
[0.533s] -- Build files have been written to: /home/vishal/goat/src/build/turtlebot3_bringup
[0.537s] Invoked command in '/home/vishal/goat/src/build/turtlebot3_bringup' returned '0': CMAKE_PREFIX_PATH=/home/vishal/goat/src/install/turtlebot3_node:/home/vishal/goat/src/install/turtlebot3_msgs:/home/vishal/goat/src/install/turtlebot3_description:/home/vishal/goat/src/install/turtlebot3:/home/vishal/goat/src/install/turtlebot3_simulations:/home/vishal/goat/src/install/turtlebot3_bringup:/home/vishal/goat/src/install/turtlebot3_navigation2:/home/vishal/goat/src/install/turtlebot3_fake_node:/home/vishal/goat/src/install/turtlebot3_gazebo:/home/vishal/goat/src/install/turtlebot3_cartographer:/home/vishal/goat/install/turtlebot3:/home/vishal/goat/install/turtlebot3_simulations:/home/vishal/goat/install/turtlebot3_bringup:/home/vishal/goat/install/turtlebot3_node:/home/vishal/goat/install/turtlebot3_navigation2:/home/vishal/goat/install/turtlebot3_fake_node:/home/vishal/goat/install/turtlebot3_msgs:/home/vishal/goat/install/turtlebot3_gazebo:/home/vishal/goat/install/turtlebot3_description:/home/vishal/goat/install/turtlebot3_cartographer:/home/vishal/goat/src/install/turtlebot3_teleop:/home/vishal/goat/src/install/turtlebot3_example:/home/vishal/goat/src/install/butler_bot:/home/vishal/goat/install/turtlebot3_teleop:/home/vishal/goat/install/turtlebot3_example:/opt/ros/humble /usr/bin/cmake /home/vishal/goat/src/turtlebot3/turtlebot3_bringup -DCMAKE_INSTALL_PREFIX=/home/vishal/goat/src/install/turtlebot3_bringup
[0.538s] Invoking command in '/home/vishal/goat/src/build/turtlebot3_bringup': CMAKE_PREFIX_PATH=/home/vishal/goat/src/install/turtlebot3_node:/home/vishal/goat/src/install/turtlebot3_msgs:/home/vishal/goat/src/install/turtlebot3_description:/home/vishal/goat/src/install/turtlebot3:/home/vishal/goat/src/install/turtlebot3_simulations:/home/vishal/goat/src/install/turtlebot3_bringup:/home/vishal/goat/src/install/turtlebot3_navigation2:/home/vishal/goat/src/install/turtlebot3_fake_node:/home/vishal/goat/src/install/turtlebot3_gazebo:/home/vishal/goat/src/install/turtlebot3_cartographer:/home/vishal/goat/install/turtlebot3:/home/vishal/goat/install/turtlebot3_simulations:/home/vishal/goat/install/turtlebot3_bringup:/home/vishal/goat/install/turtlebot3_node:/home/vishal/goat/install/turtlebot3_navigation2:/home/vishal/goat/install/turtlebot3_fake_node:/home/vishal/goat/install/turtlebot3_msgs:/home/vishal/goat/install/turtlebot3_gazebo:/home/vishal/goat/install/turtlebot3_description:/home/vishal/goat/install/turtlebot3_cartographer:/home/vishal/goat/src/install/turtlebot3_teleop:/home/vishal/goat/src/install/turtlebot3_example:/home/vishal/goat/src/install/butler_bot:/home/vishal/goat/install/turtlebot3_teleop:/home/vishal/goat/install/turtlebot3_example:/opt/ros/humble /usr/bin/cmake --build /home/vishal/goat/src/build/turtlebot3_bringup -- -j16 -l16
[0.574s] Invoked command in '/home/vishal/goat/src/build/turtlebot3_bringup' returned '0': CMAKE_PREFIX_PATH=/home/vishal/goat/src/install/turtlebot3_node:/home/vishal/goat/src/install/turtlebot3_msgs:/home/vishal/goat/src/install/turtlebot3_description:/home/vishal/goat/src/install/turtlebot3:/home/vishal/goat/src/install/turtlebot3_simulations:/home/vishal/goat/src/install/turtlebot3_bringup:/home/vishal/goat/src/install/turtlebot3_navigation2:/home/vishal/goat/src/install/turtlebot3_fake_node:/home/vishal/goat/src/install/turtlebot3_gazebo:/home/vishal/goat/src/install/turtlebot3_cartographer:/home/vishal/goat/install/turtlebot3:/home/vishal/goat/install/turtlebot3_simulations:/home/vishal/goat/install/turtlebot3_bringup:/home/vishal/goat/install/turtlebot3_node:/home/vishal/goat/install/turtlebot3_navigation2:/home/vishal/goat/install/turtlebot3_fake_node:/home/vishal/goat/install/turtlebot3_msgs:/home/vishal/goat/install/turtlebot3_gazebo:/home/vishal/goat/install/turtlebot3_description:/home/vishal/goat/install/turtlebot3_cartographer:/home/vishal/goat/src/install/turtlebot3_teleop:/home/vishal/goat/src/install/turtlebot3_example:/home/vishal/goat/src/install/butler_bot:/home/vishal/goat/install/turtlebot3_teleop:/home/vishal/goat/install/turtlebot3_example:/opt/ros/humble /usr/bin/cmake --build /home/vishal/goat/src/build/turtlebot3_bringup -- -j16 -l16
[0.576s] Invoking command in '/home/vishal/goat/src/build/turtlebot3_bringup': CMAKE_PREFIX_PATH=/home/vishal/goat/src/install/turtlebot3_node:/home/vishal/goat/src/install/turtlebot3_msgs:/home/vishal/goat/src/install/turtlebot3_description:/home/vishal/goat/src/install/turtlebot3:/home/vishal/goat/src/install/turtlebot3_simulations:/home/vishal/goat/src/install/turtlebot3_bringup:/home/vishal/goat/src/install/turtlebot3_navigation2:/home/vishal/goat/src/install/turtlebot3_fake_node:/home/vishal/goat/src/install/turtlebot3_gazebo:/home/vishal/goat/src/install/turtlebot3_cartographer:/home/vishal/goat/install/turtlebot3:/home/vishal/goat/install/turtlebot3_simulations:/home/vishal/goat/install/turtlebot3_bringup:/home/vishal/goat/install/turtlebot3_node:/home/vishal/goat/install/turtlebot3_navigation2:/home/vishal/goat/install/turtlebot3_fake_node:/home/vishal/goat/install/turtlebot3_msgs:/home/vishal/goat/install/turtlebot3_gazebo:/home/vishal/goat/install/turtlebot3_description:/home/vishal/goat/install/turtlebot3_cartographer:/home/vishal/goat/src/install/turtlebot3_teleop:/home/vishal/goat/src/install/turtlebot3_example:/home/vishal/goat/src/install/butler_bot:/home/vishal/goat/install/turtlebot3_teleop:/home/vishal/goat/install/turtlebot3_example:/opt/ros/humble /usr/bin/cmake --install /home/vishal/goat/src/build/turtlebot3_bringup
[0.581s] -- Install configuration: ""
[0.581s] -- Installing: /home/vishal/goat/src/install/turtlebot3_bringup/share/turtlebot3_bringup/launch
[0.581s] -- Installing: /home/vishal/goat/src/install/turtlebot3_bringup/share/turtlebot3_bringup/launch/turtlebot3_state_publisher.launch.py
[0.581s] -- Installing: /home/vishal/goat/src/install/turtlebot3_bringup/share/turtlebot3_bringup/launch/robot.launch.py
[0.582s] -- Installing: /home/vishal/goat/src/install/turtlebot3_bringup/share/turtlebot3_bringup/launch/robo.launch.py
[0.582s] -- Installing: /home/vishal/goat/src/install/turtlebot3_bringup/share/turtlebot3_bringup/launch/rviz2.launch.py
[0.582s] -- Installing: /home/vishal/goat/src/install/turtlebot3_bringup/share/turtlebot3_bringup/param
[0.582s] -- Installing: /home/vishal/goat/src/install/turtlebot3_bringup/share/turtlebot3_bringup/param/waffle.yaml
[0.582s] -- Installing: /home/vishal/goat/src/install/turtlebot3_bringup/share/turtlebot3_bringup/param/waffle_pi.yaml
[0.582s] -- Installing: /home/vishal/goat/src/install/turtlebot3_bringup/share/turtlebot3_bringup/param/burger.yaml
[0.582s] -- Installing: /home/vishal/goat/src/install/turtlebot3_bringup/share/turtlebot3_bringup/script
[0.582s] -- Installing: /home/vishal/goat/src/install/turtlebot3_bringup/share/turtlebot3_bringup/script/create_udev_rules
[0.582s] -- Installing: /home/vishal/goat/src/install/turtlebot3_bringup/share/turtlebot3_bringup/script/99-turtlebot3-cdc.rules
[0.582s] -- Installing: /home/vishal/goat/src/install/turtlebot3_bringup/share/ament_index/resource_index/package_run_dependencies/turtlebot3_bringup
[0.582s] -- Installing: /home/vishal/goat/src/install/turtlebot3_bringup/share/ament_index/resource_index/parent_prefix_path/turtlebot3_bringup
[0.582s] -- Installing: /home/vishal/goat/src/install/turtlebot3_bringup/share/turtlebot3_bringup/environment/ament_prefix_path.sh
[0.583s] -- Installing: /home/vishal/goat/src/install/turtlebot3_bringup/share/turtlebot3_bringup/environment/ament_prefix_path.dsv
[0.583s] -- Installing: /home/vishal/goat/src/install/turtlebot3_bringup/share/turtlebot3_bringup/environment/path.sh
[0.583s] -- Installing: /home/vishal/goat/src/install/turtlebot3_bringup/share/turtlebot3_bringup/environment/path.dsv
[0.583s] -- Installing: /home/vishal/goat/src/install/turtlebot3_bringup/share/turtlebot3_bringup/local_setup.bash
[0.583s] -- Installing: /home/vishal/goat/src/install/turtlebot3_bringup/share/turtlebot3_bringup/local_setup.sh
[0.583s] -- Installing: /home/vishal/goat/src/install/turtlebot3_bringup/share/turtlebot3_bringup/local_setup.zsh
[0.583s] -- Installing: /home/vishal/goat/src/install/turtlebot3_bringup/share/turtlebot3_bringup/local_setup.dsv
[0.583s] -- Installing: /home/vishal/goat/src/install/turtlebot3_bringup/share/turtlebot3_bringup/package.dsv
[0.584s] -- Installing: /home/vishal/goat/src/install/turtlebot3_bringup/share/ament_index/resource_index/packages/turtlebot3_bringup
[0.584s] -- Installing: /home/vishal/goat/src/install/turtlebot3_bringup/share/turtlebot3_bringup/cmake/turtlebot3_bringupConfig.cmake
[0.584s] -- Installing: /home/vishal/goat/src/install/turtlebot3_bringup/share/turtlebot3_bringup/cmake/turtlebot3_bringupConfig-version.cmake
[0.584s] -- Installing: /home/vishal/goat/src/install/turtlebot3_bringup/share/turtlebot3_bringup/package.xml
[0.586s] Invoked command in '/home/vishal/goat/src/build/turtlebot3_bringup' returned '0': CMAKE_PREFIX_PATH=/home/vishal/goat/src/install/turtlebot3_node:/home/vishal/goat/src/install/turtlebot3_msgs:/home/vishal/goat/src/install/turtlebot3_description:/home/vishal/goat/src/install/turtlebot3:/home/vishal/goat/src/install/turtlebot3_simulations:/home/vishal/goat/src/install/turtlebot3_bringup:/home/vishal/goat/src/install/turtlebot3_navigation2:/home/vishal/goat/src/install/turtlebot3_fake_node:/home/vishal/goat/src/install/turtlebot3_gazebo:/home/vishal/goat/src/install/turtlebot3_cartographer:/home/vishal/goat/install/turtlebot3:/home/vishal/goat/install/turtlebot3_simulations:/home/vishal/goat/install/turtlebot3_bringup:/home/vishal/goat/install/turtlebot3_node:/home/vishal/goat/install/turtlebot3_navigation2:/home/vishal/goat/install/turtlebot3_fake_node:/home/vishal/goat/install/turtlebot3_msgs:/home/vishal/goat/install/turtlebot3_gazebo:/home/vishal/goat/install/turtlebot3_description:/home/vishal/goat/install/turtlebot3_cartographer:/home/vishal/goat/src/install/turtlebot3_teleop:/home/vishal/goat/src/install/turtlebot3_example:/home/vishal/goat/src/install/butler_bot:/home/vishal/goat/install/turtlebot3_teleop:/home/vishal/goat/install/turtlebot3_example:/opt/ros/humble /usr/bin/cmake --install /home/vishal/goat/src/build/turtlebot3_bringup
