[0.034s] Invoking command in '/home/vishal/goat/src/build/turtlebot3_cartographer': CMAKE_PREFIX_PATH=${CMAKE_PREFIX_PATH}:/home/vishal/goat/install/butler_bot:/home/vishal/goat/src/install/turtlebot3_teleop:/home/vishal/goat/src/install/turtlebot3_example:/home/vishal/goat/src/install/butler_bot:/home/vishal/goat/install/turtlebot3_teleop:/home/vishal/goat/install/turtlebot3_example:/opt/ros/humble /usr/bin/cmake --build /home/vishal/goat/src/build/turtlebot3_cartographer -- -j16 -l16
[0.257s] Invoked command in '/home/vishal/goat/src/build/turtlebot3_cartographer' returned '0': CMAKE_PREFIX_PATH=${CMAKE_PREFIX_PATH}:/home/vishal/goat/install/butler_bot:/home/vishal/goat/src/install/turtlebot3_teleop:/home/vishal/goat/src/install/turtlebot3_example:/home/vishal/goat/src/install/butler_bot:/home/vishal/goat/install/turtlebot3_teleop:/home/vishal/goat/install/turtlebot3_example:/opt/ros/humble /usr/bin/cmake --build /home/vishal/goat/src/build/turtlebot3_cartographer -- -j16 -l16
[0.257s] Invoking command in '/home/vishal/goat/src/build/turtlebot3_cartographer': CMAKE_PREFIX_PATH=${CMAKE_PREFIX_PATH}:/home/vishal/goat/install/butler_bot:/home/vishal/goat/src/install/turtlebot3_teleop:/home/vishal/goat/src/install/turtlebot3_example:/home/vishal/goat/src/install/butler_bot:/home/vishal/goat/install/turtlebot3_teleop:/home/vishal/goat/install/turtlebot3_example:/opt/ros/humble /usr/bin/cmake --install /home/vishal/goat/src/build/turtlebot3_cartographer
[0.461s] -- Install configuration: ""
[0.461s] -- Up-to-date: /home/vishal/goat/src/install/turtlebot3_cartographer/share/turtlebot3_cartographer/config
[0.461s] -- Up-to-date: /home/vishal/goat/src/install/turtlebot3_cartographer/share/turtlebot3_cartographer/config/turtlebot3_lds_2d.lua
[0.461s] -- Up-to-date: /home/vishal/goat/src/install/turtlebot3_cartographer/share/turtlebot3_cartographer/launch
[0.461s] -- Up-to-date: /home/vishal/goat/src/install/turtlebot3_cartographer/share/turtlebot3_cartographer/launch/occupancy_grid.launch.py
[0.461s] -- Up-to-date: /home/vishal/goat/src/install/turtlebot3_cartographer/share/turtlebot3_cartographer/launch/cartographer.launch.py
[0.461s] -- Up-to-date: /home/vishal/goat/src/install/turtlebot3_cartographer/share/turtlebot3_cartographer/rviz
[0.461s] -- Up-to-date: /home/vishal/goat/src/install/turtlebot3_cartographer/share/turtlebot3_cartographer/rviz/tb3_cartographer.rviz
[0.461s] -- Up-to-date: /home/vishal/goat/src/install/turtlebot3_cartographer/share/ament_index/resource_index/package_run_dependencies/turtlebot3_cartographer
[0.461s] -- Up-to-date: /home/vishal/goat/src/install/turtlebot3_cartographer/share/ament_index/resource_index/parent_prefix_path/turtlebot3_cartographer
[0.462s] -- Up-to-date: /home/vishal/goat/src/install/turtlebot3_cartographer/share/turtlebot3_cartographer/environment/ament_prefix_path.sh
[0.462s] -- Up-to-date: /home/vishal/goat/src/install/turtlebot3_cartographer/share/turtlebot3_cartographer/environment/ament_prefix_path.dsv
[0.463s] -- Up-to-date: /home/vishal/goat/src/install/turtlebot3_cartographer/share/turtlebot3_cartographer/environment/path.sh
[0.463s] -- Up-to-date: /home/vishal/goat/src/install/turtlebot3_cartographer/share/turtlebot3_cartographer/environment/path.dsv
[0.464s] -- Up-to-date: /home/vishal/goat/src/install/turtlebot3_cartographer/share/turtlebot3_cartographer/local_setup.bash
[0.464s] -- Up-to-date: /home/vishal/goat/src/install/turtlebot3_cartographer/share/turtlebot3_cartographer/local_setup.sh
[0.464s] -- Up-to-date: /home/vishal/goat/src/install/turtlebot3_cartographer/share/turtlebot3_cartographer/local_setup.zsh
[0.464s] -- Up-to-date: /home/vishal/goat/src/install/turtlebot3_cartographer/share/turtlebot3_cartographer/local_setup.dsv
[0.464s] -- Installing: /home/vishal/goat/src/install/turtlebot3_cartographer/share/turtlebot3_cartographer/package.dsv
[0.464s] -- Up-to-date: /home/vishal/goat/src/install/turtlebot3_cartographer/share/ament_index/resource_index/packages/turtlebot3_cartographer
[0.464s] -- Up-to-date: /home/vishal/goat/src/install/turtlebot3_cartographer/share/turtlebot3_cartographer/cmake/turtlebot3_cartographerConfig.cmake
[0.464s] -- Up-to-date: /home/vishal/goat/src/install/turtlebot3_cartographer/share/turtlebot3_cartographer/cmake/turtlebot3_cartographerConfig-version.cmake
[0.464s] -- Up-to-date: /home/vishal/goat/src/install/turtlebot3_cartographer/share/turtlebot3_cartographer/package.xml
[0.483s] Invoked command in '/home/vishal/goat/src/build/turtlebot3_cartographer' returned '0': CMAKE_PREFIX_PATH=${CMAKE_PREFIX_PATH}:/home/vishal/goat/install/butler_bot:/home/vishal/goat/src/install/turtlebot3_teleop:/home/vishal/goat/src/install/turtlebot3_example:/home/vishal/goat/src/install/butler_bot:/home/vishal/goat/install/turtlebot3_teleop:/home/vishal/goat/install/turtlebot3_example:/opt/ros/humble /usr/bin/cmake --install /home/vishal/goat/src/build/turtlebot3_cartographer
