[0.027s] Invoking command in '/home/vishal/goat/src/build/turtlebot3_cartographer': CMAKE_PREFIX_PATH=${CMAKE_PREFIX_PATH}:/home/vishal/goat/src/install/turtlebot3_teleop:/home/vishal/goat/src/install/turtlebot3_example:/home/vishal/goat/src/install/butler_bot:/home/vishal/goat/install/turtlebot3_teleop:/home/vishal/goat/install/turtlebot3_example:/opt/ros/humble /usr/bin/cmake /home/vishal/goat/src/turtlebot3/turtlebot3_cartographer -DCMAKE_INSTALL_PREFIX=/home/vishal/goat/src/install/turtlebot3_cartographer
[0.485s] -- The C compiler identification is GNU 11.4.0
[0.486s] -- The CXX compiler identification is GNU 11.4.0
[0.486s] -- Detecting C compiler ABI info
[0.486s] -- Detecting C compiler ABI info - done
[0.486s] -- Check for working C compiler: /usr/bin/cc - skipped
[0.486s] -- Detecting C compile features
[0.486s] -- Detecting C compile features - done
[0.486s] -- Detecting CXX compiler ABI info
[0.486s] -- Detecting CXX compiler ABI info - done
[0.486s] -- Check for working CXX compiler: /usr/bin/c++ - skipped
[0.486s] -- Detecting CXX compile features
[0.486s] -- Detecting CXX compile features - done
[0.487s] -- Found ament_cmake: 1.3.11 (/opt/ros/humble/share/ament_cmake/cmake)
[0.487s] -- Found Python3: /usr/bin/python3 (found version "3.10.12") found components: Interpreter 
[0.579s] -- Configuring done
[0.581s] -- Generating done
[0.582s] -- Build files have been written to: /home/vishal/goat/src/build/turtlebot3_cartographer
[0.587s] Invoked command in '/home/vishal/goat/src/build/turtlebot3_cartographer' returned '0': CMAKE_PREFIX_PATH=${CMAKE_PREFIX_PATH}:/home/vishal/goat/src/install/turtlebot3_teleop:/home/vishal/goat/src/install/turtlebot3_example:/home/vishal/goat/src/install/butler_bot:/home/vishal/goat/install/turtlebot3_teleop:/home/vishal/goat/install/turtlebot3_example:/opt/ros/humble /usr/bin/cmake /home/vishal/goat/src/turtlebot3/turtlebot3_cartographer -DCMAKE_INSTALL_PREFIX=/home/vishal/goat/src/install/turtlebot3_cartographer
[0.589s] Invoking command in '/home/vishal/goat/src/build/turtlebot3_cartographer': CMAKE_PREFIX_PATH=${CMAKE_PREFIX_PATH}:/home/vishal/goat/src/install/turtlebot3_teleop:/home/vishal/goat/src/install/turtlebot3_example:/home/vishal/goat/src/install/butler_bot:/home/vishal/goat/install/turtlebot3_teleop:/home/vishal/goat/install/turtlebot3_example:/opt/ros/humble /usr/bin/cmake --build /home/vishal/goat/src/build/turtlebot3_cartographer -- -j16 -l16
[0.626s] Invoked command in '/home/vishal/goat/src/build/turtlebot3_cartographer' returned '0': CMAKE_PREFIX_PATH=${CMAKE_PREFIX_PATH}:/home/vishal/goat/src/install/turtlebot3_teleop:/home/vishal/goat/src/install/turtlebot3_example:/home/vishal/goat/src/install/butler_bot:/home/vishal/goat/install/turtlebot3_teleop:/home/vishal/goat/install/turtlebot3_example:/opt/ros/humble /usr/bin/cmake --build /home/vishal/goat/src/build/turtlebot3_cartographer -- -j16 -l16
[0.635s] Invoking command in '/home/vishal/goat/src/build/turtlebot3_cartographer': CMAKE_PREFIX_PATH=${CMAKE_PREFIX_PATH}:/home/vishal/goat/src/install/turtlebot3_teleop:/home/vishal/goat/src/install/turtlebot3_example:/home/vishal/goat/src/install/butler_bot:/home/vishal/goat/install/turtlebot3_teleop:/home/vishal/goat/install/turtlebot3_example:/opt/ros/humble /usr/bin/cmake --install /home/vishal/goat/src/build/turtlebot3_cartographer
[0.642s] -- Install configuration: ""
[0.642s] -- Installing: /home/vishal/goat/src/install/turtlebot3_cartographer/share/turtlebot3_cartographer/config
[0.642s] -- Installing: /home/vishal/goat/src/install/turtlebot3_cartographer/share/turtlebot3_cartographer/config/turtlebot3_lds_2d.lua
[0.642s] -- Installing: /home/vishal/goat/src/install/turtlebot3_cartographer/share/turtlebot3_cartographer/launch
[0.642s] -- Installing: /home/vishal/goat/src/install/turtlebot3_cartographer/share/turtlebot3_cartographer/launch/occupancy_grid.launch.py
[0.642s] -- Installing: /home/vishal/goat/src/install/turtlebot3_cartographer/share/turtlebot3_cartographer/launch/cartographer.launch.py
[0.643s] -- Installing: /home/vishal/goat/src/install/turtlebot3_cartographer/share/turtlebot3_cartographer/rviz
[0.643s] -- Installing: /home/vishal/goat/src/install/turtlebot3_cartographer/share/turtlebot3_cartographer/rviz/tb3_cartographer.rviz
[0.643s] -- Installing: /home/vishal/goat/src/install/turtlebot3_cartographer/share/ament_index/resource_index/package_run_dependencies/turtlebot3_cartographer
[0.643s] -- Installing: /home/vishal/goat/src/install/turtlebot3_cartographer/share/ament_index/resource_index/parent_prefix_path/turtlebot3_cartographer
[0.643s] -- Installing: /home/vishal/goat/src/install/turtlebot3_cartographer/share/turtlebot3_cartographer/environment/ament_prefix_path.sh
[0.644s] -- Installing: /home/vishal/goat/src/install/turtlebot3_cartographer/share/turtlebot3_cartographer/environment/ament_prefix_path.dsv
[0.644s] -- Installing: /home/vishal/goat/src/install/turtlebot3_cartographer/share/turtlebot3_cartographer/environment/path.sh
[0.644s] -- Installing: /home/vishal/goat/src/install/turtlebot3_cartographer/share/turtlebot3_cartographer/environment/path.dsv
[0.644s] -- Installing: /home/vishal/goat/src/install/turtlebot3_cartographer/share/turtlebot3_cartographer/local_setup.bash
[0.644s] -- Installing: /home/vishal/goat/src/install/turtlebot3_cartographer/share/turtlebot3_cartographer/local_setup.sh
[0.645s] -- Installing: /home/vishal/goat/src/install/turtlebot3_cartographer/share/turtlebot3_cartographer/local_setup.zsh
[0.645s] -- Installing: /home/vishal/goat/src/install/turtlebot3_cartographer/share/turtlebot3_cartographer/local_setup.dsv
[0.646s] -- Installing: /home/vishal/goat/src/install/turtlebot3_cartographer/share/turtlebot3_cartographer/package.dsv
[0.646s] -- Installing: /home/vishal/goat/src/install/turtlebot3_cartographer/share/ament_index/resource_index/packages/turtlebot3_cartographer
[0.646s] -- Installing: /home/vishal/goat/src/install/turtlebot3_cartographer/share/turtlebot3_cartographer/cmake/turtlebot3_cartographerConfig.cmake
[0.646s] -- Installing: /home/vishal/goat/src/install/turtlebot3_cartographer/share/turtlebot3_cartographer/cmake/turtlebot3_cartographerConfig-version.cmake
[0.646s] -- Installing: /home/vishal/goat/src/install/turtlebot3_cartographer/share/turtlebot3_cartographer/package.xml
[0.648s] Invoked command in '/home/vishal/goat/src/build/turtlebot3_cartographer' returned '0': CMAKE_PREFIX_PATH=${CMAKE_PREFIX_PATH}:/home/vishal/goat/src/install/turtlebot3_teleop:/home/vishal/goat/src/install/turtlebot3_example:/home/vishal/goat/src/install/butler_bot:/home/vishal/goat/install/turtlebot3_teleop:/home/vishal/goat/install/turtlebot3_example:/opt/ros/humble /usr/bin/cmake --install /home/vishal/goat/src/build/turtlebot3_cartographer
